{"numFailedTestSuites":24,"numFailedTests":30,"numPassedTestSuites":11,"numPassedTests":42,"numPendingTestSuites":0,"numPendingTests":0,"numRuntimeErrorTestSuites":9,"numTodoTests":0,"numTotalTestSuites":35,"numTotalTests":72,"openHandles":[],"snapshot":{"added":0,"didUpdate":false,"failure":false,"filesAdded":0,"filesRemoved":0,"filesRemovedList":[],"filesUnmatched":0,"filesUpdated":0,"matched":0,"total":0,"unchecked":0,"uncheckedKeysByFile":[],"unmatched":0,"updated":0},"startTime":1752976472393,"success":false,"testResults":[{"assertionResults":[{"ancestorTitles":["WorkflowBuilderPage E2E"],"duration":75,"failing":false,"failureDetails":[{}],"failureMessages":["Error: Unable to find tRPC Context. Did you forget to wrap your App inside `withTRPC` HoC?\n    at useContext (/workspaces/semantic_flow/node_modules/@trpc/react-query/dist/shared-Dt4RsQVp.cjs:447:23)\n    at Object.useQuery (/workspaces/semantic_flow/node_modules/@trpc/react-query/dist/shared-Dt4RsQVp.cjs:461:19)\n    at /workspaces/semantic_flow/node_modules/@trpc/react-query/dist/shared-Dt4RsQVp.cjs:22:24\n    at Object.apply (/workspaces/semantic_flow/node_modules/@trpc/server/dist/getErrorShape-DKiEF6Zc.cjs:58:11)\n    at useQuery (/workspaces/semantic_flow/src/pages/WorkflowBuilderPage.jsx:26:77)\n    at renderWithHooks (/workspaces/semantic_flow/node_modules/react-dom/cjs/react-dom.development.js:15486:18)\n    at mountIndeterminateComponent (/workspaces/semantic_flow/node_modules/react-dom/cjs/react-dom.development.js:20103:13)\n    at beginWork (/workspaces/semantic_flow/node_modules/react-dom/cjs/react-dom.development.js:21626:16)\n    at beginWork$1 (/workspaces/semantic_flow/node_modules/react-dom/cjs/react-dom.development.js:27465:14)\n    at performUnitOfWork (/workspaces/semantic_flow/node_modules/react-dom/cjs/react-dom.development.js:26599:12)\n    at workLoopSync (/workspaces/semantic_flow/node_modules/react-dom/cjs/react-dom.development.js:26505:5)\n    at renderRootSync (/workspaces/semantic_flow/node_modules/react-dom/cjs/react-dom.development.js:26473:7)\n    at recoverFromConcurrentError (/workspaces/semantic_flow/node_modules/react-dom/cjs/react-dom.development.js:25889:20)\n    at performConcurrentWorkOnRoot (/workspaces/semantic_flow/node_modules/react-dom/cjs/react-dom.development.js:25789:22)\n    at flushActQueue (/workspaces/semantic_flow/node_modules/react/cjs/react.development.js:2667:24)\n    at act (/workspaces/semantic_flow/node_modules/react/cjs/react.development.js:2582:11)\n    at /workspaces/semantic_flow/node_modules/@testing-library/react/dist/act-compat.js:47:25\n    at renderRoot (/workspaces/semantic_flow/node_modules/@testing-library/react/dist/pure.js:190:26)\n    at render (/workspaces/semantic_flow/node_modules/@testing-library/react/dist/pure.js:292:10)\n    at Object.<anonymous> (/workspaces/semantic_flow/tests/e2e/workflowBuilder.e2e.test.js:8:11)\n    at Promise.finally.completed (/workspaces/semantic_flow/node_modules/jest-circus/build/jestAdapterInit.js:1559:28)\n    at new Promise (<anonymous>)\n    at callAsyncCircusFn (/workspaces/semantic_flow/node_modules/jest-circus/build/jestAdapterInit.js:1499:10)\n    at _callCircusTest (/workspaces/semantic_flow/node_modules/jest-circus/build/jestAdapterInit.js:1009:40)\n    at _runTest (/workspaces/semantic_flow/node_modules/jest-circus/build/jestAdapterInit.js:949:3)\n    at _runTestsForDescribeBlock (/workspaces/semantic_flow/node_modules/jest-circus/build/jestAdapterInit.js:839:13)\n    at _runTestsForDescribeBlock (/workspaces/semantic_flow/node_modules/jest-circus/build/jestAdapterInit.js:829:11)\n    at run (/workspaces/semantic_flow/node_modules/jest-circus/build/jestAdapterInit.js:757:3)\n    at runAndTransformResultsToJestFormat (/workspaces/semantic_flow/node_modules/jest-circus/build/jestAdapterInit.js:1920:21)\n    at jestAdapter (/workspaces/semantic_flow/node_modules/jest-circus/build/runner.js:101:19)\n    at runTestInternal (/workspaces/semantic_flow/node_modules/jest-runner/build/index.js:272:16)\n    at runTest (/workspaces/semantic_flow/node_modules/jest-runner/build/index.js:340:7)"],"fullName":"WorkflowBuilderPage E2E renders workflow builder and loads workflows","invocations":1,"location":null,"numPassingAsserts":0,"retryReasons":[],"startAt":1752976475109,"status":"failed","title":"renders workflow builder and loads workflows"},{"ancestorTitles":["WorkflowBuilderPage E2E"],"duration":35,"failing":false,"failureDetails":[{}],"failureMessages":["Error: Unable to find tRPC Context. Did you forget to wrap your App inside `withTRPC` HoC?\n    at useContext (/workspaces/semantic_flow/node_modules/@trpc/react-query/dist/shared-Dt4RsQVp.cjs:447:23)\n    at Object.useQuery (/workspaces/semantic_flow/node_modules/@trpc/react-query/dist/shared-Dt4RsQVp.cjs:461:19)\n    at /workspaces/semantic_flow/node_modules/@trpc/react-query/dist/shared-Dt4RsQVp.cjs:22:24\n    at Object.apply (/workspaces/semantic_flow/node_modules/@trpc/server/dist/getErrorShape-DKiEF6Zc.cjs:58:11)\n    at useQuery (/workspaces/semantic_flow/src/pages/WorkflowBuilderPage.jsx:26:77)\n    at renderWithHooks (/workspaces/semantic_flow/node_modules/react-dom/cjs/react-dom.development.js:15486:18)\n    at mountIndeterminateComponent (/workspaces/semantic_flow/node_modules/react-dom/cjs/react-dom.development.js:20103:13)\n    at beginWork (/workspaces/semantic_flow/node_modules/react-dom/cjs/react-dom.development.js:21626:16)\n    at beginWork$1 (/workspaces/semantic_flow/node_modules/react-dom/cjs/react-dom.development.js:27465:14)\n    at performUnitOfWork (/workspaces/semantic_flow/node_modules/react-dom/cjs/react-dom.development.js:26599:12)\n    at workLoopSync (/workspaces/semantic_flow/node_modules/react-dom/cjs/react-dom.development.js:26505:5)\n    at renderRootSync (/workspaces/semantic_flow/node_modules/react-dom/cjs/react-dom.development.js:26473:7)\n    at recoverFromConcurrentError (/workspaces/semantic_flow/node_modules/react-dom/cjs/react-dom.development.js:25889:20)\n    at performConcurrentWorkOnRoot (/workspaces/semantic_flow/node_modules/react-dom/cjs/react-dom.development.js:25789:22)\n    at flushActQueue (/workspaces/semantic_flow/node_modules/react/cjs/react.development.js:2667:24)\n    at act (/workspaces/semantic_flow/node_modules/react/cjs/react.development.js:2582:11)\n    at /workspaces/semantic_flow/node_modules/@testing-library/react/dist/act-compat.js:47:25\n    at renderRoot (/workspaces/semantic_flow/node_modules/@testing-library/react/dist/pure.js:190:26)\n    at render (/workspaces/semantic_flow/node_modules/@testing-library/react/dist/pure.js:292:10)\n    at Object.<anonymous> (/workspaces/semantic_flow/tests/e2e/workflowBuilder.e2e.test.js:15:11)\n    at Promise.finally.completed (/workspaces/semantic_flow/node_modules/jest-circus/build/jestAdapterInit.js:1559:28)\n    at new Promise (<anonymous>)\n    at callAsyncCircusFn (/workspaces/semantic_flow/node_modules/jest-circus/build/jestAdapterInit.js:1499:10)\n    at _callCircusTest (/workspaces/semantic_flow/node_modules/jest-circus/build/jestAdapterInit.js:1009:40)\n    at _runTest (/workspaces/semantic_flow/node_modules/jest-circus/build/jestAdapterInit.js:949:3)\n    at _runTestsForDescribeBlock (/workspaces/semantic_flow/node_modules/jest-circus/build/jestAdapterInit.js:839:13)\n    at _runTestsForDescribeBlock (/workspaces/semantic_flow/node_modules/jest-circus/build/jestAdapterInit.js:829:11)\n    at run (/workspaces/semantic_flow/node_modules/jest-circus/build/jestAdapterInit.js:757:3)\n    at runAndTransformResultsToJestFormat (/workspaces/semantic_flow/node_modules/jest-circus/build/jestAdapterInit.js:1920:21)\n    at jestAdapter (/workspaces/semantic_flow/node_modules/jest-circus/build/runner.js:101:19)\n    at runTestInternal (/workspaces/semantic_flow/node_modules/jest-runner/build/index.js:272:16)\n    at runTest (/workspaces/semantic_flow/node_modules/jest-runner/build/index.js:340:7)"],"fullName":"WorkflowBuilderPage E2E creates a new workflow node","invocations":1,"location":null,"numPassingAsserts":0,"retryReasons":[],"startAt":1752976475187,"status":"failed","title":"creates a new workflow node"},{"ancestorTitles":["WorkflowBuilderPage E2E"],"duration":49,"failing":false,"failureDetails":[{}],"failureMessages":["Error: Unable to find tRPC Context. Did you forget to wrap your App inside `withTRPC` HoC?\n    at useContext (/workspaces/semantic_flow/node_modules/@trpc/react-query/dist/shared-Dt4RsQVp.cjs:447:23)\n    at Object.useQuery (/workspaces/semantic_flow/node_modules/@trpc/react-query/dist/shared-Dt4RsQVp.cjs:461:19)\n    at /workspaces/semantic_flow/node_modules/@trpc/react-query/dist/shared-Dt4RsQVp.cjs:22:24\n    at Object.apply (/workspaces/semantic_flow/node_modules/@trpc/server/dist/getErrorShape-DKiEF6Zc.cjs:58:11)\n    at useQuery (/workspaces/semantic_flow/src/pages/WorkflowBuilderPage.jsx:26:77)\n    at renderWithHooks (/workspaces/semantic_flow/node_modules/react-dom/cjs/react-dom.development.js:15486:18)\n    at mountIndeterminateComponent (/workspaces/semantic_flow/node_modules/react-dom/cjs/react-dom.development.js:20103:13)\n    at beginWork (/workspaces/semantic_flow/node_modules/react-dom/cjs/react-dom.development.js:21626:16)\n    at beginWork$1 (/workspaces/semantic_flow/node_modules/react-dom/cjs/react-dom.development.js:27465:14)\n    at performUnitOfWork (/workspaces/semantic_flow/node_modules/react-dom/cjs/react-dom.development.js:26599:12)\n    at workLoopSync (/workspaces/semantic_flow/node_modules/react-dom/cjs/react-dom.development.js:26505:5)\n    at renderRootSync (/workspaces/semantic_flow/node_modules/react-dom/cjs/react-dom.development.js:26473:7)\n    at recoverFromConcurrentError (/workspaces/semantic_flow/node_modules/react-dom/cjs/react-dom.development.js:25889:20)\n    at performConcurrentWorkOnRoot (/workspaces/semantic_flow/node_modules/react-dom/cjs/react-dom.development.js:25789:22)\n    at flushActQueue (/workspaces/semantic_flow/node_modules/react/cjs/react.development.js:2667:24)\n    at act (/workspaces/semantic_flow/node_modules/react/cjs/react.development.js:2582:11)\n    at /workspaces/semantic_flow/node_modules/@testing-library/react/dist/act-compat.js:47:25\n    at renderRoot (/workspaces/semantic_flow/node_modules/@testing-library/react/dist/pure.js:190:26)\n    at render (/workspaces/semantic_flow/node_modules/@testing-library/react/dist/pure.js:292:10)\n    at Object.<anonymous> (/workspaces/semantic_flow/tests/e2e/workflowBuilder.e2e.test.js:23:11)\n    at Promise.finally.completed (/workspaces/semantic_flow/node_modules/jest-circus/build/jestAdapterInit.js:1559:28)\n    at new Promise (<anonymous>)\n    at callAsyncCircusFn (/workspaces/semantic_flow/node_modules/jest-circus/build/jestAdapterInit.js:1499:10)\n    at _callCircusTest (/workspaces/semantic_flow/node_modules/jest-circus/build/jestAdapterInit.js:1009:40)\n    at _runTest (/workspaces/semantic_flow/node_modules/jest-circus/build/jestAdapterInit.js:949:3)\n    at _runTestsForDescribeBlock (/workspaces/semantic_flow/node_modules/jest-circus/build/jestAdapterInit.js:839:13)\n    at _runTestsForDescribeBlock (/workspaces/semantic_flow/node_modules/jest-circus/build/jestAdapterInit.js:829:11)\n    at run (/workspaces/semantic_flow/node_modules/jest-circus/build/jestAdapterInit.js:757:3)\n    at runAndTransformResultsToJestFormat (/workspaces/semantic_flow/node_modules/jest-circus/build/jestAdapterInit.js:1920:21)\n    at jestAdapter (/workspaces/semantic_flow/node_modules/jest-circus/build/runner.js:101:19)\n    at runTestInternal (/workspaces/semantic_flow/node_modules/jest-runner/build/index.js:272:16)\n    at runTest (/workspaces/semantic_flow/node_modules/jest-runner/build/index.js:340:7)"],"fullName":"WorkflowBuilderPage E2E executes workflow and displays results","invocations":1,"location":null,"numPassingAsserts":0,"retryReasons":[],"startAt":1752976475225,"status":"failed","title":"executes workflow and displays results"}],"endTime":1752976475371,"message":"\u001b[1m\u001b[31m  \u001b[1m● \u001b[22m\u001b[1mWorkflowBuilderPage E2E › renders workflow builder and loads workflows\u001b[39m\u001b[22m\n\n    Unable to find tRPC Context. Did you forget to wrap your App inside `withTRPC` HoC?\n\u001b[2m\u001b[22m\n\u001b[2m    \u001b[0m \u001b[90m 24 |\u001b[39m \u001b[36mconst\u001b[39m \u001b[33mWorkflowBuilderPage\u001b[39m \u001b[33m=\u001b[39m () \u001b[33m=>\u001b[39m {\u001b[22m\n\u001b[2m     \u001b[90m 25 |\u001b[39m   \u001b[90m// tRPC queries\u001b[39m\u001b[22m\n\u001b[2m    \u001b[31m\u001b[1m>\u001b[22m\u001b[2m\u001b[39m\u001b[90m 26 |\u001b[39m   \u001b[36mconst\u001b[39m { data\u001b[33m:\u001b[39m workflows\u001b[33m,\u001b[39m refetch\u001b[33m:\u001b[39m refetchWorkflows } \u001b[33m=\u001b[39m trpc\u001b[33m.\u001b[39mworkflow\u001b[33m.\u001b[39mlist\u001b[33m.\u001b[39museQuery({ userId\u001b[33m:\u001b[39m \u001b[32m\"demo-user\"\u001b[39m }\u001b[33m,\u001b[39m {\u001b[22m\n\u001b[2m     \u001b[90m    |\u001b[39m                                                                             \u001b[31m\u001b[1m^\u001b[22m\u001b[2m\u001b[39m\u001b[22m\n\u001b[2m     \u001b[90m 27 |\u001b[39m     enabled\u001b[33m:\u001b[39m \u001b[36mtrue\u001b[39m\u001b[33m,\u001b[39m\u001b[22m\n\u001b[2m     \u001b[90m 28 |\u001b[39m     retry\u001b[33m:\u001b[39m \u001b[36mfalse\u001b[39m\u001b[33m,\u001b[39m\u001b[22m\n\u001b[2m     \u001b[90m 29 |\u001b[39m     onError\u001b[33m:\u001b[39m (error) \u001b[33m=>\u001b[39m {\u001b[0m\u001b[22m\n\u001b[2m\u001b[22m\n\u001b[2m      \u001b[2mat useContext (\u001b[22m\u001b[2mnode_modules/@trpc/react-query/dist/shared-Dt4RsQVp.cjs\u001b[2m:447:23)\u001b[22m\u001b[2m\u001b[22m\n\u001b[2m      \u001b[2mat Object.useQuery (\u001b[22m\u001b[2mnode_modules/@trpc/react-query/dist/shared-Dt4RsQVp.cjs\u001b[2m:461:19)\u001b[22m\u001b[2m\u001b[22m\n\u001b[2m      \u001b[2mat \u001b[22m\u001b[2mnode_modules/@trpc/react-query/dist/shared-Dt4RsQVp.cjs\u001b[2m:22:24\u001b[22m\u001b[2m\u001b[22m\n\u001b[2m      \u001b[2mat Object.apply (\u001b[22m\u001b[2mnode_modules/@trpc/server/dist/getErrorShape-DKiEF6Zc.cjs\u001b[2m:58:11)\u001b[22m\u001b[2m\u001b[22m\n\u001b[2m      \u001b[2mat useQuery (\u001b[22m\u001b[2msrc/pages/WorkflowBuilderPage.jsx\u001b[2m:26:77)\u001b[22m\u001b[2m\u001b[22m\n\u001b[2m      \u001b[2mat renderWithHooks (\u001b[22m\u001b[2mnode_modules/react-dom/cjs/react-dom.development.js\u001b[2m:15486:18)\u001b[22m\u001b[2m\u001b[22m\n\u001b[2m      \u001b[2mat mountIndeterminateComponent (\u001b[22m\u001b[2mnode_modules/react-dom/cjs/react-dom.development.js\u001b[2m:20103:13)\u001b[22m\u001b[2m\u001b[22m\n\u001b[2m      \u001b[2mat beginWork (\u001b[22m\u001b[2mnode_modules/react-dom/cjs/react-dom.development.js\u001b[2m:21626:16)\u001b[22m\u001b[2m\u001b[22m\n\u001b[2m      \u001b[2mat beginWork$1 (\u001b[22m\u001b[2mnode_modules/react-dom/cjs/react-dom.development.js\u001b[2m:27465:14)\u001b[22m\u001b[2m\u001b[22m\n\u001b[2m      \u001b[2mat performUnitOfWork (\u001b[22m\u001b[2mnode_modules/react-dom/cjs/react-dom.development.js\u001b[2m:26599:12)\u001b[22m\u001b[2m\u001b[22m\n\u001b[2m      \u001b[2mat workLoopSync (\u001b[22m\u001b[2mnode_modules/react-dom/cjs/react-dom.development.js\u001b[2m:26505:5)\u001b[22m\u001b[2m\u001b[22m\n\u001b[2m      \u001b[2mat renderRootSync (\u001b[22m\u001b[2mnode_modules/react-dom/cjs/react-dom.development.js\u001b[2m:26473:7)\u001b[22m\u001b[2m\u001b[22m\n\u001b[2m      \u001b[2mat recoverFromConcurrentError (\u001b[22m\u001b[2mnode_modules/react-dom/cjs/react-dom.development.js\u001b[2m:25889:20)\u001b[22m\u001b[2m\u001b[22m\n\u001b[2m      \u001b[2mat performConcurrentWorkOnRoot (\u001b[22m\u001b[2mnode_modules/react-dom/cjs/react-dom.development.js\u001b[2m:25789:22)\u001b[22m\u001b[2m\u001b[22m\n\u001b[2m      \u001b[2mat flushActQueue (\u001b[22m\u001b[2mnode_modules/react/cjs/react.development.js\u001b[2m:2667:24)\u001b[22m\u001b[2m\u001b[22m\n\u001b[2m      \u001b[2mat act (\u001b[22m\u001b[2mnode_modules/react/cjs/react.development.js\u001b[2m:2582:11)\u001b[22m\u001b[2m\u001b[22m\n\u001b[2m      \u001b[2mat \u001b[22m\u001b[2mnode_modules/@testing-library/react/dist/act-compat.js\u001b[2m:47:25\u001b[22m\u001b[2m\u001b[22m\n\u001b[2m      \u001b[2mat renderRoot (\u001b[22m\u001b[2mnode_modules/@testing-library/react/dist/pure.js\u001b[2m:190:26)\u001b[22m\u001b[2m\u001b[22m\n\u001b[2m      \u001b[2mat render (\u001b[22m\u001b[2mnode_modules/@testing-library/react/dist/pure.js\u001b[2m:292:10)\u001b[22m\u001b[2m\u001b[22m\n\u001b[2m      \u001b[2mat Object.<anonymous> (\u001b[22m\u001b[2m\u001b[0m\u001b[36mtests/e2e/workflowBuilder.e2e.test.js\u001b[39m\u001b[0m\u001b[2m:8:11)\u001b[22m\u001b[2m\u001b[22m\n\n\u001b[1m\u001b[31m  \u001b[1m● \u001b[22m\u001b[1mWorkflowBuilderPage E2E › creates a new workflow node\u001b[39m\u001b[22m\n\n    Unable to find tRPC Context. Did you forget to wrap your App inside `withTRPC` HoC?\n\u001b[2m\u001b[22m\n\u001b[2m    \u001b[0m \u001b[90m 24 |\u001b[39m \u001b[36mconst\u001b[39m \u001b[33mWorkflowBuilderPage\u001b[39m \u001b[33m=\u001b[39m () \u001b[33m=>\u001b[39m {\u001b[22m\n\u001b[2m     \u001b[90m 25 |\u001b[39m   \u001b[90m// tRPC queries\u001b[39m\u001b[22m\n\u001b[2m    \u001b[31m\u001b[1m>\u001b[22m\u001b[2m\u001b[39m\u001b[90m 26 |\u001b[39m   \u001b[36mconst\u001b[39m { data\u001b[33m:\u001b[39m workflows\u001b[33m,\u001b[39m refetch\u001b[33m:\u001b[39m refetchWorkflows } \u001b[33m=\u001b[39m trpc\u001b[33m.\u001b[39mworkflow\u001b[33m.\u001b[39mlist\u001b[33m.\u001b[39museQuery({ userId\u001b[33m:\u001b[39m \u001b[32m\"demo-user\"\u001b[39m }\u001b[33m,\u001b[39m {\u001b[22m\n\u001b[2m     \u001b[90m    |\u001b[39m                                                                             \u001b[31m\u001b[1m^\u001b[22m\u001b[2m\u001b[39m\u001b[22m\n\u001b[2m     \u001b[90m 27 |\u001b[39m     enabled\u001b[33m:\u001b[39m \u001b[36mtrue\u001b[39m\u001b[33m,\u001b[39m\u001b[22m\n\u001b[2m     \u001b[90m 28 |\u001b[39m     retry\u001b[33m:\u001b[39m \u001b[36mfalse\u001b[39m\u001b[33m,\u001b[39m\u001b[22m\n\u001b[2m     \u001b[90m 29 |\u001b[39m     onError\u001b[33m:\u001b[39m (error) \u001b[33m=>\u001b[39m {\u001b[0m\u001b[22m\n\u001b[2m\u001b[22m\n\u001b[2m      \u001b[2mat useContext (\u001b[22m\u001b[2mnode_modules/@trpc/react-query/dist/shared-Dt4RsQVp.cjs\u001b[2m:447:23)\u001b[22m\u001b[2m\u001b[22m\n\u001b[2m      \u001b[2mat Object.useQuery (\u001b[22m\u001b[2mnode_modules/@trpc/react-query/dist/shared-Dt4RsQVp.cjs\u001b[2m:461:19)\u001b[22m\u001b[2m\u001b[22m\n\u001b[2m      \u001b[2mat \u001b[22m\u001b[2mnode_modules/@trpc/react-query/dist/shared-Dt4RsQVp.cjs\u001b[2m:22:24\u001b[22m\u001b[2m\u001b[22m\n\u001b[2m      \u001b[2mat Object.apply (\u001b[22m\u001b[2mnode_modules/@trpc/server/dist/getErrorShape-DKiEF6Zc.cjs\u001b[2m:58:11)\u001b[22m\u001b[2m\u001b[22m\n\u001b[2m      \u001b[2mat useQuery (\u001b[22m\u001b[2msrc/pages/WorkflowBuilderPage.jsx\u001b[2m:26:77)\u001b[22m\u001b[2m\u001b[22m\n\u001b[2m      \u001b[2mat renderWithHooks (\u001b[22m\u001b[2mnode_modules/react-dom/cjs/react-dom.development.js\u001b[2m:15486:18)\u001b[22m\u001b[2m\u001b[22m\n\u001b[2m      \u001b[2mat mountIndeterminateComponent (\u001b[22m\u001b[2mnode_modules/react-dom/cjs/react-dom.development.js\u001b[2m:20103:13)\u001b[22m\u001b[2m\u001b[22m\n\u001b[2m      \u001b[2mat beginWork (\u001b[22m\u001b[2mnode_modules/react-dom/cjs/react-dom.development.js\u001b[2m:21626:16)\u001b[22m\u001b[2m\u001b[22m\n\u001b[2m      \u001b[2mat beginWork$1 (\u001b[22m\u001b[2mnode_modules/react-dom/cjs/react-dom.development.js\u001b[2m:27465:14)\u001b[22m\u001b[2m\u001b[22m\n\u001b[2m      \u001b[2mat performUnitOfWork (\u001b[22m\u001b[2mnode_modules/react-dom/cjs/react-dom.development.js\u001b[2m:26599:12)\u001b[22m\u001b[2m\u001b[22m\n\u001b[2m      \u001b[2mat workLoopSync (\u001b[22m\u001b[2mnode_modules/react-dom/cjs/react-dom.development.js\u001b[2m:26505:5)\u001b[22m\u001b[2m\u001b[22m\n\u001b[2m      \u001b[2mat renderRootSync (\u001b[22m\u001b[2mnode_modules/react-dom/cjs/react-dom.development.js\u001b[2m:26473:7)\u001b[22m\u001b[2m\u001b[22m\n\u001b[2m      \u001b[2mat recoverFromConcurrentError (\u001b[22m\u001b[2mnode_modules/react-dom/cjs/react-dom.development.js\u001b[2m:25889:20)\u001b[22m\u001b[2m\u001b[22m\n\u001b[2m      \u001b[2mat performConcurrentWorkOnRoot (\u001b[22m\u001b[2mnode_modules/react-dom/cjs/react-dom.development.js\u001b[2m:25789:22)\u001b[22m\u001b[2m\u001b[22m\n\u001b[2m      \u001b[2mat flushActQueue (\u001b[22m\u001b[2mnode_modules/react/cjs/react.development.js\u001b[2m:2667:24)\u001b[22m\u001b[2m\u001b[22m\n\u001b[2m      \u001b[2mat act (\u001b[22m\u001b[2mnode_modules/react/cjs/react.development.js\u001b[2m:2582:11)\u001b[22m\u001b[2m\u001b[22m\n\u001b[2m      \u001b[2mat \u001b[22m\u001b[2mnode_modules/@testing-library/react/dist/act-compat.js\u001b[2m:47:25\u001b[22m\u001b[2m\u001b[22m\n\u001b[2m      \u001b[2mat renderRoot (\u001b[22m\u001b[2mnode_modules/@testing-library/react/dist/pure.js\u001b[2m:190:26)\u001b[22m\u001b[2m\u001b[22m\n\u001b[2m      \u001b[2mat render (\u001b[22m\u001b[2mnode_modules/@testing-library/react/dist/pure.js\u001b[2m:292:10)\u001b[22m\u001b[2m\u001b[22m\n\u001b[2m      \u001b[2mat Object.<anonymous> (\u001b[22m\u001b[2m\u001b[0m\u001b[36mtests/e2e/workflowBuilder.e2e.test.js\u001b[39m\u001b[0m\u001b[2m:15:11)\u001b[22m\u001b[2m\u001b[22m\n\n\u001b[1m\u001b[31m  \u001b[1m● \u001b[22m\u001b[1mWorkflowBuilderPage E2E › executes workflow and displays results\u001b[39m\u001b[22m\n\n    Unable to find tRPC Context. Did you forget to wrap your App inside `withTRPC` HoC?\n\u001b[2m\u001b[22m\n\u001b[2m    \u001b[0m \u001b[90m 24 |\u001b[39m \u001b[36mconst\u001b[39m \u001b[33mWorkflowBuilderPage\u001b[39m \u001b[33m=\u001b[39m () \u001b[33m=>\u001b[39m {\u001b[22m\n\u001b[2m     \u001b[90m 25 |\u001b[39m   \u001b[90m// tRPC queries\u001b[39m\u001b[22m\n\u001b[2m    \u001b[31m\u001b[1m>\u001b[22m\u001b[2m\u001b[39m\u001b[90m 26 |\u001b[39m   \u001b[36mconst\u001b[39m { data\u001b[33m:\u001b[39m workflows\u001b[33m,\u001b[39m refetch\u001b[33m:\u001b[39m refetchWorkflows } \u001b[33m=\u001b[39m trpc\u001b[33m.\u001b[39mworkflow\u001b[33m.\u001b[39mlist\u001b[33m.\u001b[39museQuery({ userId\u001b[33m:\u001b[39m \u001b[32m\"demo-user\"\u001b[39m }\u001b[33m,\u001b[39m {\u001b[22m\n\u001b[2m     \u001b[90m    |\u001b[39m                                                                             \u001b[31m\u001b[1m^\u001b[22m\u001b[2m\u001b[39m\u001b[22m\n\u001b[2m     \u001b[90m 27 |\u001b[39m     enabled\u001b[33m:\u001b[39m \u001b[36mtrue\u001b[39m\u001b[33m,\u001b[39m\u001b[22m\n\u001b[2m     \u001b[90m 28 |\u001b[39m     retry\u001b[33m:\u001b[39m \u001b[36mfalse\u001b[39m\u001b[33m,\u001b[39m\u001b[22m\n\u001b[2m     \u001b[90m 29 |\u001b[39m     onError\u001b[33m:\u001b[39m (error) \u001b[33m=>\u001b[39m {\u001b[0m\u001b[22m\n\u001b[2m\u001b[22m\n\u001b[2m      \u001b[2mat useContext (\u001b[22m\u001b[2mnode_modules/@trpc/react-query/dist/shared-Dt4RsQVp.cjs\u001b[2m:447:23)\u001b[22m\u001b[2m\u001b[22m\n\u001b[2m      \u001b[2mat Object.useQuery (\u001b[22m\u001b[2mnode_modules/@trpc/react-query/dist/shared-Dt4RsQVp.cjs\u001b[2m:461:19)\u001b[22m\u001b[2m\u001b[22m\n\u001b[2m      \u001b[2mat \u001b[22m\u001b[2mnode_modules/@trpc/react-query/dist/shared-Dt4RsQVp.cjs\u001b[2m:22:24\u001b[22m\u001b[2m\u001b[22m\n\u001b[2m      \u001b[2mat Object.apply (\u001b[22m\u001b[2mnode_modules/@trpc/server/dist/getErrorShape-DKiEF6Zc.cjs\u001b[2m:58:11)\u001b[22m\u001b[2m\u001b[22m\n\u001b[2m      \u001b[2mat useQuery (\u001b[22m\u001b[2msrc/pages/WorkflowBuilderPage.jsx\u001b[2m:26:77)\u001b[22m\u001b[2m\u001b[22m\n\u001b[2m      \u001b[2mat renderWithHooks (\u001b[22m\u001b[2mnode_modules/react-dom/cjs/react-dom.development.js\u001b[2m:15486:18)\u001b[22m\u001b[2m\u001b[22m\n\u001b[2m      \u001b[2mat mountIndeterminateComponent (\u001b[22m\u001b[2mnode_modules/react-dom/cjs/react-dom.development.js\u001b[2m:20103:13)\u001b[22m\u001b[2m\u001b[22m\n\u001b[2m      \u001b[2mat beginWork (\u001b[22m\u001b[2mnode_modules/react-dom/cjs/react-dom.development.js\u001b[2m:21626:16)\u001b[22m\u001b[2m\u001b[22m\n\u001b[2m      \u001b[2mat beginWork$1 (\u001b[22m\u001b[2mnode_modules/react-dom/cjs/react-dom.development.js\u001b[2m:27465:14)\u001b[22m\u001b[2m\u001b[22m\n\u001b[2m      \u001b[2mat performUnitOfWork (\u001b[22m\u001b[2mnode_modules/react-dom/cjs/react-dom.development.js\u001b[2m:26599:12)\u001b[22m\u001b[2m\u001b[22m\n\u001b[2m      \u001b[2mat workLoopSync (\u001b[22m\u001b[2mnode_modules/react-dom/cjs/react-dom.development.js\u001b[2m:26505:5)\u001b[22m\u001b[2m\u001b[22m\n\u001b[2m      \u001b[2mat renderRootSync (\u001b[22m\u001b[2mnode_modules/react-dom/cjs/react-dom.development.js\u001b[2m:26473:7)\u001b[22m\u001b[2m\u001b[22m\n\u001b[2m      \u001b[2mat recoverFromConcurrentError (\u001b[22m\u001b[2mnode_modules/react-dom/cjs/react-dom.development.js\u001b[2m:25889:20)\u001b[22m\u001b[2m\u001b[22m\n\u001b[2m      \u001b[2mat performConcurrentWorkOnRoot (\u001b[22m\u001b[2mnode_modules/react-dom/cjs/react-dom.development.js\u001b[2m:25789:22)\u001b[22m\u001b[2m\u001b[22m\n\u001b[2m      \u001b[2mat flushActQueue (\u001b[22m\u001b[2mnode_modules/react/cjs/react.development.js\u001b[2m:2667:24)\u001b[22m\u001b[2m\u001b[22m\n\u001b[2m      \u001b[2mat act (\u001b[22m\u001b[2mnode_modules/react/cjs/react.development.js\u001b[2m:2582:11)\u001b[22m\u001b[2m\u001b[22m\n\u001b[2m      \u001b[2mat \u001b[22m\u001b[2mnode_modules/@testing-library/react/dist/act-compat.js\u001b[2m:47:25\u001b[22m\u001b[2m\u001b[22m\n\u001b[2m      \u001b[2mat renderRoot (\u001b[22m\u001b[2mnode_modules/@testing-library/react/dist/pure.js\u001b[2m:190:26)\u001b[22m\u001b[2m\u001b[22m\n\u001b[2m      \u001b[2mat render (\u001b[22m\u001b[2mnode_modules/@testing-library/react/dist/pure.js\u001b[2m:292:10)\u001b[22m\u001b[2m\u001b[22m\n\u001b[2m      \u001b[2mat Object.<anonymous> (\u001b[22m\u001b[2m\u001b[0m\u001b[36mtests/e2e/workflowBuilder.e2e.test.js\u001b[39m\u001b[0m\u001b[2m:23:11)\u001b[22m\u001b[2m\u001b[22m\n","name":"/workspaces/semantic_flow/tests/e2e/workflowBuilder.e2e.test.js","startTime":1752976473054,"status":"failed","summary":""},{"assertionResults":[{"ancestorTitles":["E2E: Provider Setup and Security"],"duration":1,"failing":false,"failureDetails":[{"name":"Error"}],"failureMessages":["browserType.launch: \n╔══════════════════════════════════════════════════════╗\n║ Host system is missing dependencies to run browsers. ║\n║ Please install them with the following command:      ║\n║                                                      ║\n║     sudo npx playwright install-deps                 ║\n║                                                      ║\n║ Alternatively, use apt:                              ║\n║     sudo apt-get install libatk1.0-0t64\\             ║\n║         libatk-bridge2.0-0t64\\                       ║\n║         libatspi2.0-0t64\\                            ║\n║         libxcomposite1\\                              ║\n║         libxdamage1\\                                 ║\n║         libxfixes3\\                                  ║\n║         libxrandr2\\                                  ║\n║         libgbm1\\                                     ║\n║         libxkbcommon0\\                               ║\n║         libasound2t64                                ║\n║                                                      ║\n║ <3 Playwright Team                                   ║\n╚══════════════════════════════════════════════════════╝\n    at Object.launch (/workspaces/semantic_flow/tests/e2e/security/provider.e2e.test.js:6:30)\n    at Promise.finally.completed (/workspaces/semantic_flow/node_modules/jest-circus/build/jestAdapterInit.js:1559:28)\n    at callAsyncCircusFn (/workspaces/semantic_flow/node_modules/jest-circus/build/jestAdapterInit.js:1499:10)\n    at _callCircusHook (/workspaces/semantic_flow/node_modules/jest-circus/build/jestAdapterInit.js:978:40)\n    at _runTestsForDescribeBlock (/workspaces/semantic_flow/node_modules/jest-circus/build/jestAdapterInit.js:775:7)\n    at _runTestsForDescribeBlock (/workspaces/semantic_flow/node_modules/jest-circus/build/jestAdapterInit.js:829:11)\n    at run (/workspaces/semantic_flow/node_modules/jest-circus/build/jestAdapterInit.js:757:3)\n    at runAndTransformResultsToJestFormat (/workspaces/semantic_flow/node_modules/jest-circus/build/jestAdapterInit.js:1920:21)\n    at jestAdapter (/workspaces/semantic_flow/node_modules/jest-circus/build/runner.js:101:19)\n    at runTestInternal (/workspaces/semantic_flow/node_modules/jest-runner/build/index.js:272:16)\n    at runTest (/workspaces/semantic_flow/node_modules/jest-runner/build/index.js:340:7)"],"fullName":"E2E: Provider Setup and Security sets up provider with valid API key","invocations":1,"location":null,"numPassingAsserts":0,"retryReasons":[],"startAt":1752976475835,"status":"failed","title":"sets up provider with valid API key"},{"ancestorTitles":["E2E: Provider Setup and Security"],"duration":0,"failing":false,"failureDetails":[{"name":"Error"}],"failureMessages":["browserType.launch: \n╔══════════════════════════════════════════════════════╗\n║ Host system is missing dependencies to run browsers. ║\n║ Please install them with the following command:      ║\n║                                                      ║\n║     sudo npx playwright install-deps                 ║\n║                                                      ║\n║ Alternatively, use apt:                              ║\n║     sudo apt-get install libatk1.0-0t64\\             ║\n║         libatk-bridge2.0-0t64\\                       ║\n║         libatspi2.0-0t64\\                            ║\n║         libxcomposite1\\                              ║\n║         libxdamage1\\                                 ║\n║         libxfixes3\\                                  ║\n║         libxrandr2\\                                  ║\n║         libgbm1\\                                     ║\n║         libxkbcommon0\\                               ║\n║         libasound2t64                                ║\n║                                                      ║\n║ <3 Playwright Team                                   ║\n╚══════════════════════════════════════════════════════╝\n    at Object.launch (/workspaces/semantic_flow/tests/e2e/security/provider.e2e.test.js:6:30)\n    at Promise.finally.completed (/workspaces/semantic_flow/node_modules/jest-circus/build/jestAdapterInit.js:1559:28)\n    at callAsyncCircusFn (/workspaces/semantic_flow/node_modules/jest-circus/build/jestAdapterInit.js:1499:10)\n    at _callCircusHook (/workspaces/semantic_flow/node_modules/jest-circus/build/jestAdapterInit.js:978:40)\n    at _runTestsForDescribeBlock (/workspaces/semantic_flow/node_modules/jest-circus/build/jestAdapterInit.js:775:7)\n    at _runTestsForDescribeBlock (/workspaces/semantic_flow/node_modules/jest-circus/build/jestAdapterInit.js:829:11)\n    at run (/workspaces/semantic_flow/node_modules/jest-circus/build/jestAdapterInit.js:757:3)\n    at runAndTransformResultsToJestFormat (/workspaces/semantic_flow/node_modules/jest-circus/build/jestAdapterInit.js:1920:21)\n    at jestAdapter (/workspaces/semantic_flow/node_modules/jest-circus/build/runner.js:101:19)\n    at runTestInternal (/workspaces/semantic_flow/node_modules/jest-runner/build/index.js:272:16)\n    at runTest (/workspaces/semantic_flow/node_modules/jest-runner/build/index.js:340:7)"],"fullName":"E2E: Provider Setup and Security handles invalid API key gracefully","invocations":1,"location":null,"numPassingAsserts":0,"retryReasons":[],"startAt":1752976475836,"status":"failed","title":"handles invalid API key gracefully"}],"coverage":{},"endTime":1752976482799,"message":"\u001b[1m\u001b[31m  \u001b[1m● \u001b[22m\u001b[1mE2E: Provider Setup and Security › sets up provider with valid API key\u001b[39m\u001b[22m\n\n    browserType.launch: \n    ╔══════════════════════════════════════════════════════╗\n    ║ Host system is missing dependencies to run browsers. ║\n    ║ Please install them with the following command:      ║\n    ║                                                      ║\n    ║     sudo npx playwright install-deps                 ║\n    ║                                                      ║\n    ║ Alternatively, use apt:                              ║\n    ║     sudo apt-get install libatk1.0-0t64\\             ║\n    ║         libatk-bridge2.0-0t64\\                       ║\n    ║         libatspi2.0-0t64\\                            ║\n    ║         libxcomposite1\\                              ║\n    ║         libxdamage1\\                                 ║\n    ║         libxfixes3\\                                  ║\n    ║         libxrandr2\\                                  ║\n    ║         libgbm1\\                                     ║\n    ║         libxkbcommon0\\                               ║\n    ║         libasound2t64                                ║\n    ║                                                      ║\n    ║ <3 Playwright Team                                   ║\n    ╚══════════════════════════════════════════════════════╝\n\u001b[2m\u001b[22m\n\u001b[2m    \u001b[0m \u001b[90m 4 |\u001b[39m   \u001b[36mlet\u001b[39m browser\u001b[33m,\u001b[39m page\u001b[33m;\u001b[39m\u001b[22m\n\u001b[2m     \u001b[90m 5 |\u001b[39m   beforeAll(\u001b[36masync\u001b[39m () \u001b[33m=>\u001b[39m {\u001b[22m\n\u001b[2m    \u001b[31m\u001b[1m>\u001b[22m\u001b[2m\u001b[39m\u001b[90m 6 |\u001b[39m     browser \u001b[33m=\u001b[39m \u001b[36mawait\u001b[39m chromium\u001b[33m.\u001b[39mlaunch()\u001b[33m;\u001b[39m\u001b[22m\n\u001b[2m     \u001b[90m   |\u001b[39m                              \u001b[31m\u001b[1m^\u001b[22m\u001b[2m\u001b[39m\u001b[22m\n\u001b[2m     \u001b[90m 7 |\u001b[39m     page \u001b[33m=\u001b[39m \u001b[36mawait\u001b[39m browser\u001b[33m.\u001b[39mnewPage()\u001b[33m;\u001b[39m\u001b[22m\n\u001b[2m     \u001b[90m 8 |\u001b[39m     \u001b[36mawait\u001b[39m page\u001b[33m.\u001b[39mgoto(\u001b[32m'http://localhost:8081'\u001b[39m)\u001b[33m;\u001b[39m\u001b[22m\n\u001b[2m     \u001b[90m 9 |\u001b[39m   })\u001b[33m;\u001b[39m\u001b[0m\u001b[22m\n\u001b[2m\u001b[22m\n\u001b[2m      \u001b[2mat Object.launch (\u001b[22m\u001b[2m\u001b[0m\u001b[36mtests/e2e/security/provider.e2e.test.js\u001b[39m\u001b[0m\u001b[2m:6:30)\u001b[22m\u001b[2m\u001b[22m\n\n\u001b[1m\u001b[31m  \u001b[1m● \u001b[22m\u001b[1mE2E: Provider Setup and Security › handles invalid API key gracefully\u001b[39m\u001b[22m\n\n    browserType.launch: \n    ╔══════════════════════════════════════════════════════╗\n    ║ Host system is missing dependencies to run browsers. ║\n    ║ Please install them with the following command:      ║\n    ║                                                      ║\n    ║     sudo npx playwright install-deps                 ║\n    ║                                                      ║\n    ║ Alternatively, use apt:                              ║\n    ║     sudo apt-get install libatk1.0-0t64\\             ║\n    ║         libatk-bridge2.0-0t64\\                       ║\n    ║         libatspi2.0-0t64\\                            ║\n    ║         libxcomposite1\\                              ║\n    ║         libxdamage1\\                                 ║\n    ║         libxfixes3\\                                  ║\n    ║         libxrandr2\\                                  ║\n    ║         libgbm1\\                                     ║\n    ║         libxkbcommon0\\                               ║\n    ║         libasound2t64                                ║\n    ║                                                      ║\n    ║ <3 Playwright Team                                   ║\n    ╚══════════════════════════════════════════════════════╝\n\u001b[2m\u001b[22m\n\u001b[2m    \u001b[0m \u001b[90m 4 |\u001b[39m   \u001b[36mlet\u001b[39m browser\u001b[33m,\u001b[39m page\u001b[33m;\u001b[39m\u001b[22m\n\u001b[2m     \u001b[90m 5 |\u001b[39m   beforeAll(\u001b[36masync\u001b[39m () \u001b[33m=>\u001b[39m {\u001b[22m\n\u001b[2m    \u001b[31m\u001b[1m>\u001b[22m\u001b[2m\u001b[39m\u001b[90m 6 |\u001b[39m     browser \u001b[33m=\u001b[39m \u001b[36mawait\u001b[39m chromium\u001b[33m.\u001b[39mlaunch()\u001b[33m;\u001b[39m\u001b[22m\n\u001b[2m     \u001b[90m   |\u001b[39m                              \u001b[31m\u001b[1m^\u001b[22m\u001b[2m\u001b[39m\u001b[22m\n\u001b[2m     \u001b[90m 7 |\u001b[39m     page \u001b[33m=\u001b[39m \u001b[36mawait\u001b[39m browser\u001b[33m.\u001b[39mnewPage()\u001b[33m;\u001b[39m\u001b[22m\n\u001b[2m     \u001b[90m 8 |\u001b[39m     \u001b[36mawait\u001b[39m page\u001b[33m.\u001b[39mgoto(\u001b[32m'http://localhost:8081'\u001b[39m)\u001b[33m;\u001b[39m\u001b[22m\n\u001b[2m     \u001b[90m 9 |\u001b[39m   })\u001b[33m;\u001b[39m\u001b[0m\u001b[22m\n\u001b[2m\u001b[22m\n\u001b[2m      \u001b[2mat Object.launch (\u001b[22m\u001b[2m\u001b[0m\u001b[36mtests/e2e/security/provider.e2e.test.js\u001b[39m\u001b[0m\u001b[2m:6:30)\u001b[22m\u001b[2m\u001b[22m\n\n\n  \u001b[1m● \u001b[22mTest suite failed to run\n\n    TypeError: Cannot read properties of undefined (reading 'close')\n\n    \u001b[0m \u001b[90m  9 |\u001b[39m   })\u001b[33m;\u001b[39m\n     \u001b[90m 10 |\u001b[39m   afterAll(\u001b[36masync\u001b[39m () \u001b[33m=>\u001b[39m {\n    \u001b[31m\u001b[1m>\u001b[22m\u001b[39m\u001b[90m 11 |\u001b[39m     \u001b[36mawait\u001b[39m browser\u001b[33m.\u001b[39mclose()\u001b[33m;\u001b[39m\n     \u001b[90m    |\u001b[39m                   \u001b[31m\u001b[1m^\u001b[22m\u001b[39m\n     \u001b[90m 12 |\u001b[39m   })\u001b[33m;\u001b[39m\n     \u001b[90m 13 |\u001b[39m\n     \u001b[90m 14 |\u001b[39m   it(\u001b[32m'sets up provider with valid API key'\u001b[39m\u001b[33m,\u001b[39m \u001b[36masync\u001b[39m () \u001b[33m=>\u001b[39m {\u001b[0m\n\n      \u001b[2mat Object.close (\u001b[22m\u001b[0m\u001b[36mtests/e2e/security/provider.e2e.test.js\u001b[39m\u001b[0m\u001b[2m:11:19)\u001b[22m\n","name":"/workspaces/semantic_flow/tests/e2e/security/provider.e2e.test.js","startTime":1752976482799,"status":"failed","summary":""},{"assertionResults":[{"ancestorTitles":["ClearSessionButton"],"duration":74,"failing":false,"failureDetails":[],"failureMessages":[],"fullName":"ClearSessionButton renders and clears sessionStorage on click","invocations":1,"location":null,"numPassingAsserts":1,"retryReasons":[],"startAt":1752976475984,"status":"passed","title":"renders and clears sessionStorage on click"},{"ancestorTitles":["NodePalette"],"duration":204,"failing":false,"failureDetails":[],"failureMessages":[],"fullName":"NodePalette renders search input and clusters","invocations":1,"location":null,"numPassingAsserts":1,"retryReasons":[],"startAt":1752976476059,"status":"passed","title":"renders search input and clusters"},{"ancestorTitles":["SemanticNode"],"duration":83,"failing":false,"failureDetails":[{}],"failureMessages":["Error: [React Flow]: Seems like you have not used zustand provider as an ancestor. Help: https://reactflow.dev/error#001\n    at Po (/workspaces/semantic_flow/node_modules/reactflow/dist/umd/index.js:10:52945)\n    at /workspaces/semantic_flow/node_modules/reactflow/dist/umd/index.js:10:70752\n    at renderWithHooks (/workspaces/semantic_flow/node_modules/react-dom/cjs/react-dom.development.js:15486:18)\n    at updateForwardRef (/workspaces/semantic_flow/node_modules/react-dom/cjs/react-dom.development.js:19245:20)\n    at beginWork (/workspaces/semantic_flow/node_modules/react-dom/cjs/react-dom.development.js:21675:16)\n    at beginWork$1 (/workspaces/semantic_flow/node_modules/react-dom/cjs/react-dom.development.js:27465:14)\n    at performUnitOfWork (/workspaces/semantic_flow/node_modules/react-dom/cjs/react-dom.development.js:26599:12)\n    at workLoopSync (/workspaces/semantic_flow/node_modules/react-dom/cjs/react-dom.development.js:26505:5)\n    at renderRootSync (/workspaces/semantic_flow/node_modules/react-dom/cjs/react-dom.development.js:26473:7)\n    at recoverFromConcurrentError (/workspaces/semantic_flow/node_modules/react-dom/cjs/react-dom.development.js:25889:20)\n    at performConcurrentWorkOnRoot (/workspaces/semantic_flow/node_modules/react-dom/cjs/react-dom.development.js:25789:22)\n    at flushActQueue (/workspaces/semantic_flow/node_modules/react/cjs/react.development.js:2667:24)\n    at act (/workspaces/semantic_flow/node_modules/react/cjs/react.development.js:2582:11)\n    at /workspaces/semantic_flow/node_modules/@testing-library/react/dist/act-compat.js:47:25\n    at renderRoot (/workspaces/semantic_flow/node_modules/@testing-library/react/dist/pure.js:190:26)\n    at render (/workspaces/semantic_flow/node_modules/@testing-library/react/dist/pure.js:292:10)\n    at Object.<anonymous> (/workspaces/semantic_flow/tests/unit/components.test.jsx:29:11)\n    at Promise.finally.completed (/workspaces/semantic_flow/node_modules/jest-circus/build/jestAdapterInit.js:1559:28)\n    at new Promise (<anonymous>)\n    at callAsyncCircusFn (/workspaces/semantic_flow/node_modules/jest-circus/build/jestAdapterInit.js:1499:10)\n    at _callCircusTest (/workspaces/semantic_flow/node_modules/jest-circus/build/jestAdapterInit.js:1009:40)\n    at _runTest (/workspaces/semantic_flow/node_modules/jest-circus/build/jestAdapterInit.js:949:3)\n    at _runTestsForDescribeBlock (/workspaces/semantic_flow/node_modules/jest-circus/build/jestAdapterInit.js:839:13)\n    at _runTestsForDescribeBlock (/workspaces/semantic_flow/node_modules/jest-circus/build/jestAdapterInit.js:829:11)\n    at run (/workspaces/semantic_flow/node_modules/jest-circus/build/jestAdapterInit.js:757:3)\n    at runAndTransformResultsToJestFormat (/workspaces/semantic_flow/node_modules/jest-circus/build/jestAdapterInit.js:1920:21)\n    at jestAdapter (/workspaces/semantic_flow/node_modules/jest-circus/build/runner.js:101:19)\n    at runTestInternal (/workspaces/semantic_flow/node_modules/jest-runner/build/index.js:272:16)\n    at runTest (/workspaces/semantic_flow/node_modules/jest-runner/build/index.js:340:7)"],"fullName":"SemanticNode renders with edit state for new node","invocations":1,"location":null,"numPassingAsserts":0,"retryReasons":[],"startAt":1752976476263,"status":"failed","title":"renders with edit state for new node"}],"endTime":1752976476353,"message":"\u001b[1m\u001b[31m  \u001b[1m● \u001b[22m\u001b[1mSemanticNode › renders with edit state for new node\u001b[39m\u001b[22m\n\n    [React Flow]: Seems like you have not used zustand provider as an ancestor. Help: https://reactflow.dev/error#001\n\u001b[2m\u001b[22m\n\u001b[2m    \u001b[0m \u001b[90m 27 |\u001b[39m describe(\u001b[32m'SemanticNode'\u001b[39m\u001b[33m,\u001b[39m () \u001b[33m=>\u001b[39m {\u001b[22m\n\u001b[2m     \u001b[90m 28 |\u001b[39m   it(\u001b[32m'renders with edit state for new node'\u001b[39m\u001b[33m,\u001b[39m () \u001b[33m=>\u001b[39m {\u001b[22m\n\u001b[2m    \u001b[31m\u001b[1m>\u001b[22m\u001b[2m\u001b[39m\u001b[90m 29 |\u001b[39m     render(\u001b[33m<\u001b[39m\u001b[33mSemanticNode\u001b[39m id\u001b[33m=\u001b[39m\u001b[32m\"1\"\u001b[39m data\u001b[33m=\u001b[39m{{ isNew\u001b[33m:\u001b[39m \u001b[36mtrue\u001b[39m\u001b[33m,\u001b[39m type\u001b[33m:\u001b[39m \u001b[32m'UTIL-BLANK'\u001b[39m }} isConnectable\u001b[33m=\u001b[39m{\u001b[36mtrue\u001b[39m} selected\u001b[33m=\u001b[39m{\u001b[36mfalse\u001b[39m} onNodeUpdate\u001b[33m=\u001b[39m{() \u001b[33m=>\u001b[39m {}} \u001b[33m/\u001b[39m\u001b[33m>\u001b[39m)\u001b[33m;\u001b[39m\u001b[22m\n\u001b[2m     \u001b[90m    |\u001b[39m           \u001b[31m\u001b[1m^\u001b[22m\u001b[2m\u001b[39m\u001b[22m\n\u001b[2m     \u001b[90m 30 |\u001b[39m     expect(screen\u001b[33m.\u001b[39mgetByText(\u001b[35m/Blank Node/i\u001b[39m))\u001b[33m.\u001b[39mtoBeInTheDocument()\u001b[33m;\u001b[39m\u001b[22m\n\u001b[2m     \u001b[90m 31 |\u001b[39m   })\u001b[33m;\u001b[39m\u001b[22m\n\u001b[2m     \u001b[90m 32 |\u001b[39m })\u001b[33m;\u001b[39m\u001b[0m\u001b[22m\n\u001b[2m\u001b[22m\n\u001b[2m      \u001b[2mat Po (\u001b[22m\u001b[2mnode_modules/reactflow/dist/umd/index.js\u001b[2m:10:52945)\u001b[22m\u001b[2m\u001b[22m\n\u001b[2m      \u001b[2mat \u001b[22m\u001b[2mnode_modules/reactflow/dist/umd/index.js\u001b[2m:10:70752\u001b[22m\u001b[2m\u001b[22m\n\u001b[2m      \u001b[2mat renderWithHooks (\u001b[22m\u001b[2mnode_modules/react-dom/cjs/react-dom.development.js\u001b[2m:15486:18)\u001b[22m\u001b[2m\u001b[22m\n\u001b[2m      \u001b[2mat updateForwardRef (\u001b[22m\u001b[2mnode_modules/react-dom/cjs/react-dom.development.js\u001b[2m:19245:20)\u001b[22m\u001b[2m\u001b[22m\n\u001b[2m      \u001b[2mat beginWork (\u001b[22m\u001b[2mnode_modules/react-dom/cjs/react-dom.development.js\u001b[2m:21675:16)\u001b[22m\u001b[2m\u001b[22m\n\u001b[2m      \u001b[2mat beginWork$1 (\u001b[22m\u001b[2mnode_modules/react-dom/cjs/react-dom.development.js\u001b[2m:27465:14)\u001b[22m\u001b[2m\u001b[22m\n\u001b[2m      \u001b[2mat performUnitOfWork (\u001b[22m\u001b[2mnode_modules/react-dom/cjs/react-dom.development.js\u001b[2m:26599:12)\u001b[22m\u001b[2m\u001b[22m\n\u001b[2m      \u001b[2mat workLoopSync (\u001b[22m\u001b[2mnode_modules/react-dom/cjs/react-dom.development.js\u001b[2m:26505:5)\u001b[22m\u001b[2m\u001b[22m\n\u001b[2m      \u001b[2mat renderRootSync (\u001b[22m\u001b[2mnode_modules/react-dom/cjs/react-dom.development.js\u001b[2m:26473:7)\u001b[22m\u001b[2m\u001b[22m\n\u001b[2m      \u001b[2mat recoverFromConcurrentError (\u001b[22m\u001b[2mnode_modules/react-dom/cjs/react-dom.development.js\u001b[2m:25889:20)\u001b[22m\u001b[2m\u001b[22m\n\u001b[2m      \u001b[2mat performConcurrentWorkOnRoot (\u001b[22m\u001b[2mnode_modules/react-dom/cjs/react-dom.development.js\u001b[2m:25789:22)\u001b[22m\u001b[2m\u001b[22m\n\u001b[2m      \u001b[2mat flushActQueue (\u001b[22m\u001b[2mnode_modules/react/cjs/react.development.js\u001b[2m:2667:24)\u001b[22m\u001b[2m\u001b[22m\n\u001b[2m      \u001b[2mat act (\u001b[22m\u001b[2mnode_modules/react/cjs/react.development.js\u001b[2m:2582:11)\u001b[22m\u001b[2m\u001b[22m\n\u001b[2m      \u001b[2mat \u001b[22m\u001b[2mnode_modules/@testing-library/react/dist/act-compat.js\u001b[2m:47:25\u001b[22m\u001b[2m\u001b[22m\n\u001b[2m      \u001b[2mat renderRoot (\u001b[22m\u001b[2mnode_modules/@testing-library/react/dist/pure.js\u001b[2m:190:26)\u001b[22m\u001b[2m\u001b[22m\n\u001b[2m      \u001b[2mat render (\u001b[22m\u001b[2mnode_modules/@testing-library/react/dist/pure.js\u001b[2m:292:10)\u001b[22m\u001b[2m\u001b[22m\n\u001b[2m      \u001b[2mat Object.<anonymous> (\u001b[22m\u001b[2m\u001b[0m\u001b[36mtests/unit/components.test.jsx\u001b[39m\u001b[0m\u001b[2m:29:11)\u001b[22m\u001b[2m\u001b[22m\n","name":"/workspaces/semantic_flow/tests/unit/components.test.jsx","startTime":1752976475857,"status":"failed","summary":""},{"assertionResults":[{"ancestorTitles":["NodePalette"],"duration":165,"failing":false,"failureDetails":[{"name":"TestingLibraryElementError"}],"failureMessages":["TestingLibraryElementError: Unable to find an element by: [data-testid=\"node-palette\"]\n\nIgnored nodes: comments, script, style\n\u001b[36m<body>\u001b[39m\n  \u001b[36m<div>\u001b[39m\n    \u001b[36m<div\u001b[39m\n      \u001b[33mclass\u001b[39m=\u001b[32m\"bg-card dark:bg-gray-900/90 flex flex-col h-full backdrop-blur-sm\"\u001b[39m\n    \u001b[36m>\u001b[39m\n      \u001b[36m<div\u001b[39m\n        \u001b[33mclass\u001b[39m=\u001b[32m\"p-4 border-b border-border bg-muted/30\"\u001b[39m\n      \u001b[36m>\u001b[39m\n        \u001b[36m<h2\u001b[39m\n          \u001b[33mclass\u001b[39m=\u001b[32m\"text-lg font-semibold text-foreground mb-3\"\u001b[39m\n        \u001b[36m>\u001b[39m\n          \u001b[0mNode Palette\u001b[0m\n        \u001b[36m</h2>\u001b[39m\n        \u001b[36m<div\u001b[39m\n          \u001b[33mclass\u001b[39m=\u001b[32m\"relative\"\u001b[39m\n        \u001b[36m>\u001b[39m\n          \u001b[36m<input\u001b[39m\n            \u001b[33mclass\u001b[39m=\u001b[32m\"flex h-10 w-full rounded-md border px-3 py-2 ring-offset-background file:border-0 file:bg-transparent file:text-sm file:font-medium placeholder:text-muted-foreground focus-visible:outline-none focus-visible:ring-2 focus-visible:ring-ring focus-visible:ring-offset-2 disabled:cursor-not-allowed disabled:opacity-50 pl-8 text-sm bg-background/50 border-border focus:border-primary/50 transition-colors\"\u001b[39m\n            \u001b[33mplaceholder\u001b[39m=\u001b[32m\"Search nodes...\"\u001b[39m\n            \u001b[33mvalue\u001b[39m=\u001b[32m\"\"\u001b[39m\n          \u001b[36m/>\u001b[39m\n          \u001b[36m<svg\u001b[39m\n            \u001b[33mclass\u001b[39m=\u001b[32m\"lucide lucide-search absolute left-2 top-2.5 h-4 w-4 text-muted-foreground\"\u001b[39m\n            \u001b[33mfill\u001b[39m=\u001b[32m\"none\"\u001b[39m\n            \u001b[33mheight\u001b[39m=\u001b[32m\"24\"\u001b[39m\n            \u001b[33mstroke\u001b[39m=\u001b[32m\"currentColor\"\u001b[39m\n            \u001b[33mstroke-linecap\u001b[39m=\u001b[32m\"round\"\u001b[39m\n            \u001b[33mstroke-linejoin\u001b[39m=\u001b[32m\"round\"\u001b[39m\n            \u001b[33mstroke-width\u001b[39m=\u001b[32m\"2\"\u001b[39m\n            \u001b[33mviewBox\u001b[39m=\u001b[32m\"0 0 24 24\"\u001b[39m\n            \u001b[33mwidth\u001b[39m=\u001b[32m\"24\"\u001b[39m\n            \u001b[33mxmlns\u001b[39m=\u001b[32m\"http://www.w3.org/2000/svg\"\u001b[39m\n          \u001b[36m>\u001b[39m\n            \u001b[36m<circle\u001b[39m\n              \u001b[33mcx\u001b[39m=\u001b[32m\"11\"\u001b[39m\n              \u001b[33mcy\u001b[39m=\u001b[32m\"11\"\u001b[39m\n              \u001b[33mr\u001b[39m=\u001b[32m\"8\"\u001b[39m\n            \u001b[36m/>\u001b[39m\n            \u001b[36m<path\u001b[39m\n              \u001b[33md\u001b[39m=\u001b[32m\"m21 21-4.3-4.3\"\u001b[39m\n            \u001b[36m/>\u001b[39m\n          \u001b[36m</svg>\u001b[39m\n        \u001b[36m</div>\u001b[39m\n      \u001b[36m</div>\u001b[39m\n      \u001b[36m<div\u001b[39m\n        \u001b[33mclass\u001b[39m=\u001b[32m\"relative overflow-hidden flex-1 px-4 py-2\"\u001b[39m\n        \u001b[33mdir\u001b[39m=\u001b[32m\"ltr\"\u001b[39m\n        \u001b[33mstyle\u001b[39m=\u001b[32m\"position: relative; --radix-scroll-area-corner-width: 0px; --radix-scroll-area-corner-height: 0px;\"\u001b[39m\n      \u001b[36m>\u001b[39m\n        \u001b[36m<div\u001b[39m\n          \u001b[33mclass\u001b[39m=\u001b[32m\"h-full w-full rounded-[inherit]\"\u001b[39m\n          \u001b[33mdata-radix-scroll-area-viewport\u001b[39m=\u001b[32m\"\"\u001b[39m\n          \u001b[33mstyle\u001b[39m=\u001b[32m\"overflow-x: hidden; overflow-y: scroll;\"\u001b[39m\n        \u001b[36m>\u001b[39m\n          \u001b[36m<div\u001b[39m\n            \u001b[33mstyle\u001b[39m=\u001b[32m\"min-width: 100%; display: table;\"\u001b[39m\n          \u001b[36m>\u001b[39m\n            \u001b[36m<div\u001b[39m\n              \u001b[33mclass\u001b[39m=\u001b[32m\"space-y-2\"\u001b[39m\n            \u001b[36m>\u001b[39m\n              \u001b[36m<div\u001b[39m\n                \u001b[33mclass\u001b[39m=\u001b[32m\"mb-2\"\u001b[39m\n                \u001b[33mdata-state\u001b[39m=\u001b[32m\"closed\"\u001b[39m\n              \u001b[36m>\u001b[39m\n                \u001b[36m<button\u001b[39m\n                  \u001b[33maria-controls\u001b[39m=\u001b[32m\"radix-:r0:\"\u001b[39m\n                  \u001b[33maria-expanded\u001b[39m=\u001b[32m\"false\"\u001b[39m\n                  \u001b[33mclass\u001b[39m=\u001b[32m\"inline-flex items-center whitespace-nowrap rounded-md text-sm font-medium ring-offset-background focus-visible:outline-none focus-visible:ring-2 focus-visible:ring-ring focus-visible:ring-offset-2 disabled:pointer-events-none disabled:opacity-50 hover:text-accent-foreground w-full justify-start p-2 h-auto hover:bg-accent/50 dark:hover:bg-gray-800/60 transition-all duration-200\"\u001b[39m\n                  \u001b[33mdata-state\u001b[39m=\u001b[32m\"closed\"\u001b[39m\n                  \u001b[33mstyle\u001b[39m=\u001b[32m\"border-left: 4px solid rgb(99, 102, 241);\"\u001b[39m\n                  \u001b[33mtype\u001b[39m=\u001b[32m\"button\"\u001b[39m\n                \u001b[36m>\u001b[39m\n                  \u001b[36m<div\u001b[39m\n                    \u001b[33mclass\u001b[39m=\u001b[32m\"flex items-center justify-between w-full\"\u001b[39m\n                  \u001b[36m>\u001b[39m\n                    \u001b[36m<div\u001b[39m\n                      \u001b[33mclass\u001b[39m=\u001b[32m\"flex items-center gap-2\"\u001b[39m\n                    \u001b[36m>\u001b[39m\n                      \u001b[36m<svg\u001b[39m\n                        \u001b[33mclass\u001b[39m=\u001b[32m\"lucide lucide-chevron-right h-4 w-4\"\u001b[39m\n                        \u001b[33mfill\u001b[39m=\u001b[32m\"none\"\u001b[39m\n                        \u001b[33mheight\u001b[39m=\u001b[32m\"24\"\u001b[39m\n                        \u001b[33mstroke\u001b[39m=\u001b[32m\"currentColor\"\u001b[39m\n                        \u001b[33mstroke-linecap\u001b[39m=\u001b[32m\"round\"\u001b[39m\n                        \u001b[33mstroke-linejoin\u001b[39m=\u001b[32m\"round\"\u001b[39m\n                        \u001b[33mstroke-width\u001b[39m=\u001b[32m\"2\"\u001b[39m\n                        \u001b[33mviewBox\u001b[39m=\u001b[32m\"0 0 24 24\"\u001b[39m\n                        \u001b[33mwidth\u001b[39m=\u001b[32m\"24\"\u001b[39m\n                        \u001b[33mxmlns\u001b[39m=\u001b[32m\"http://www.w3.org/2000/svg\"\u001b[39m\n                      \u001b[36m>\u001b[39m\n                        \u001b[36m<path\u001b[39m\n                          \u001b[33md\u001b[39m=\u001b[32m\"m9 18 6-6-6-6\"\u001b[39m\n                        \u001b[36m/>\u001b[39m\n                      \u001b[36m</svg>\u001b[39m\n                      \u001b[36m<span\u001b[39m\n                        \u001b[33mclass\u001b[39m=\u001b[32m\"text-lg\"\u001b[39m\n                      \u001b[36m>\u001b[39m\n                        \u001b[0m🧩\u001b[0m\n                      \u001b[36m</span>\u001b[39m\n                      \u001b[36m<span\u001b[39m\n                        \u001b[33mclass\u001b[39m=\u001b[32m\"font-medium text-foreground\"\u001b[39m\n                      \u001b[36m>\u001b[39m\n                        \u001b[0mCoding Paradigms\u001b[0m\n                      \u001b[36m</span>\u001b[39m\n                      \u001b[36m<div\u001b[39m\n                        \u001b[33mclass\u001b[39m=\u001b[32m\"inline-flex items-center rounded-full border px-2.5 py-0.5 font-semibold transition-colors focus:outline-none focus:ring-2 focus:ring-ring focus:ring-offset-2 hover:bg-secondary/80 text-xs bg-muted text-muted-foreground border-border\"\u001b[39m\n                      \u001b[36m>\u001b[39m\n                        \u001b[0m31\u001b[0m\n                      \u001b[36m</div>\u001b[39m\n                    \u001b[36m</div>\u001b[39m\n                  \u001b[36m</div>\u001b[39m\n                \u001b[36m</button>\u001b[39m\n                \u001b[36m<div\u001b[39m\n                  \u001b[33mclass\u001b[39m=\u001b[32m\"pl-4 pt-1\"\u001b[39m\n                  \u001b[33mdata-state\u001b[39m=\u001b[32m\"closed\"\u001b[39m\n                  \u001b[33mhidden\u001b[39m=\u001b[32m\"\"\u001b[39m\n                  \u001b[33mid\u001b[39m=\u001b[32m\"radix-:r0:\"\u001b[39m\n                  \u001b[33mstyle\u001b[39m=\u001b[32m\"\"\u001b[39m\n                \u001b[36m/>\u001b[39m\n              \u001b[36m</div>\u001b[39m\n              \u001b[36m<div\u001b[39m\n                \u001b[33mclass\u001b[39m=\u001b[32m\"mb-2\"\u001b[39m\n                \u001b[33mdata-state\u001b[39m=\u001b[32m\"closed\"\u001b[39m\n              \u001b[36m>\u001b[39m\n                \u001b[36m<button\u001b[39m\n                  \u001b[33maria-controls\u001b[39m=\u001b[32m\"radix-:r1:\"\u001b[39m\n                  \u001b[33maria-expanded\u001b[39m=\u001b[32m\"false\"\u001b[39m\n                  \u001b[33mclass\u001b[39m=\u001b[32m\"inline-flex items-center whitespace-nowrap rounded-md text-sm font-medium ring-offset-background focus-visible:outline-none focus-visible:ring-2 focus-visible:ring-ring focus-visible:ring-offset-2 disabled:pointer-events-none...\n    at Object.getElementError (/workspaces/semantic_flow/node_modules/@testing-library/dom/dist/config.js:37:19)\n    at /workspaces/semantic_flow/node_modules/@testing-library/dom/dist/query-helpers.js:76:38\n    at /workspaces/semantic_flow/node_modules/@testing-library/dom/dist/query-helpers.js:52:17\n    at /workspaces/semantic_flow/node_modules/@testing-library/dom/dist/query-helpers.js:95:19\n    at Object.getByTestId (/workspaces/semantic_flow/tests/unit/components/NodePalette.test.jsx:13:19)\n    at Promise.finally.completed (/workspaces/semantic_flow/node_modules/jest-circus/build/jestAdapterInit.js:1559:28)\n    at new Promise (<anonymous>)\n    at callAsyncCircusFn (/workspaces/semantic_flow/node_modules/jest-circus/build/jestAdapterInit.js:1499:10)\n    at _callCircusTest (/workspaces/semantic_flow/node_modules/jest-circus/build/jestAdapterInit.js:1009:40)\n    at _runTest (/workspaces/semantic_flow/node_modules/jest-circus/build/jestAdapterInit.js:949:3)\n    at _runTestsForDescribeBlock (/workspaces/semantic_flow/node_modules/jest-circus/build/jestAdapterInit.js:839:13)\n    at _runTestsForDescribeBlock (/workspaces/semantic_flow/node_modules/jest-circus/build/jestAdapterInit.js:829:11)\n    at run (/workspaces/semantic_flow/node_modules/jest-circus/build/jestAdapterInit.js:757:3)\n    at runAndTransformResultsToJestFormat (/workspaces/semantic_flow/node_modules/jest-circus/build/jestAdapterInit.js:1920:21)\n    at jestAdapter (/workspaces/semantic_flow/node_modules/jest-circus/build/runner.js:101:19)\n    at runTestInternal (/workspaces/semantic_flow/node_modules/jest-runner/build/index.js:272:16)\n    at runTest (/workspaces/semantic_flow/node_modules/jest-runner/build/index.js:340:7)"],"fullName":"NodePalette renders node clusters","invocations":1,"location":null,"numPassingAsserts":0,"retryReasons":[],"startAt":1752976476499,"status":"failed","title":"renders node clusters"},{"ancestorTitles":["NodePalette"],"duration":1,"failing":false,"failureDetails":[],"failureMessages":[],"fullName":"NodePalette expands clusters on click","invocations":1,"location":null,"numPassingAsserts":1,"retryReasons":[],"startAt":1752976476667,"status":"passed","title":"expands clusters on click"},{"ancestorTitles":["NodePalette"],"duration":5,"failing":false,"failureDetails":[],"failureMessages":[],"fullName":"NodePalette handles node drag events","invocations":1,"location":null,"numPassingAsserts":1,"retryReasons":[],"startAt":1752976476668,"status":"passed","title":"handles node drag events"}],"endTime":1752976476681,"message":"\u001b[1m\u001b[31m  \u001b[1m● \u001b[22m\u001b[1mNodePalette › renders node clusters\u001b[39m\u001b[22m\n\n    TestingLibraryElementError: Unable to find an element by: [data-testid=\"node-palette\"]\n\n    Ignored nodes: comments, script, style\n    \u001b[36m<body>\u001b[39m\n      \u001b[36m<div>\u001b[39m\n        \u001b[36m<div\u001b[39m\n          \u001b[33mclass\u001b[39m=\u001b[32m\"bg-card dark:bg-gray-900/90 flex flex-col h-full backdrop-blur-sm\"\u001b[39m\n        \u001b[36m>\u001b[39m\n          \u001b[36m<div\u001b[39m\n            \u001b[33mclass\u001b[39m=\u001b[32m\"p-4 border-b border-border bg-muted/30\"\u001b[39m\n          \u001b[36m>\u001b[39m\n            \u001b[36m<h2\u001b[39m\n              \u001b[33mclass\u001b[39m=\u001b[32m\"text-lg font-semibold text-foreground mb-3\"\u001b[39m\n            \u001b[36m>\u001b[39m\n              \u001b[0mNode Palette\u001b[0m\n            \u001b[36m</h2>\u001b[39m\n            \u001b[36m<div\u001b[39m\n              \u001b[33mclass\u001b[39m=\u001b[32m\"relative\"\u001b[39m\n            \u001b[36m>\u001b[39m\n              \u001b[36m<input\u001b[39m\n                \u001b[33mclass\u001b[39m=\u001b[32m\"flex h-10 w-full rounded-md border px-3 py-2 ring-offset-background file:border-0 file:bg-transparent file:text-sm file:font-medium placeholder:text-muted-foreground focus-visible:outline-none focus-visible:ring-2 focus-visible:ring-ring focus-visible:ring-offset-2 disabled:cursor-not-allowed disabled:opacity-50 pl-8 text-sm bg-background/50 border-border focus:border-primary/50 transition-colors\"\u001b[39m\n                \u001b[33mplaceholder\u001b[39m=\u001b[32m\"Search nodes...\"\u001b[39m\n                \u001b[33mvalue\u001b[39m=\u001b[32m\"\"\u001b[39m\n              \u001b[36m/>\u001b[39m\n              \u001b[36m<svg\u001b[39m\n                \u001b[33mclass\u001b[39m=\u001b[32m\"lucide lucide-search absolute left-2 top-2.5 h-4 w-4 text-muted-foreground\"\u001b[39m\n                \u001b[33mfill\u001b[39m=\u001b[32m\"none\"\u001b[39m\n                \u001b[33mheight\u001b[39m=\u001b[32m\"24\"\u001b[39m\n                \u001b[33mstroke\u001b[39m=\u001b[32m\"currentColor\"\u001b[39m\n                \u001b[33mstroke-linecap\u001b[39m=\u001b[32m\"round\"\u001b[39m\n                \u001b[33mstroke-linejoin\u001b[39m=\u001b[32m\"round\"\u001b[39m\n                \u001b[33mstroke-width\u001b[39m=\u001b[32m\"2\"\u001b[39m\n                \u001b[33mviewBox\u001b[39m=\u001b[32m\"0 0 24 24\"\u001b[39m\n                \u001b[33mwidth\u001b[39m=\u001b[32m\"24\"\u001b[39m\n                \u001b[33mxmlns\u001b[39m=\u001b[32m\"http://www.w3.org/2000/svg\"\u001b[39m\n              \u001b[36m>\u001b[39m\n                \u001b[36m<circle\u001b[39m\n                  \u001b[33mcx\u001b[39m=\u001b[32m\"11\"\u001b[39m\n                  \u001b[33mcy\u001b[39m=\u001b[32m\"11\"\u001b[39m\n                  \u001b[33mr\u001b[39m=\u001b[32m\"8\"\u001b[39m\n                \u001b[36m/>\u001b[39m\n                \u001b[36m<path\u001b[39m\n                  \u001b[33md\u001b[39m=\u001b[32m\"m21 21-4.3-4.3\"\u001b[39m\n                \u001b[36m/>\u001b[39m\n              \u001b[36m</svg>\u001b[39m\n            \u001b[36m</div>\u001b[39m\n          \u001b[36m</div>\u001b[39m\n          \u001b[36m<div\u001b[39m\n            \u001b[33mclass\u001b[39m=\u001b[32m\"relative overflow-hidden flex-1 px-4 py-2\"\u001b[39m\n            \u001b[33mdir\u001b[39m=\u001b[32m\"ltr\"\u001b[39m\n            \u001b[33mstyle\u001b[39m=\u001b[32m\"position: relative; --radix-scroll-area-corner-width: 0px; --radix-scroll-area-corner-height: 0px;\"\u001b[39m\n          \u001b[36m>\u001b[39m\n            \u001b[36m<div\u001b[39m\n              \u001b[33mclass\u001b[39m=\u001b[32m\"h-full w-full rounded-[inherit]\"\u001b[39m\n              \u001b[33mdata-radix-scroll-area-viewport\u001b[39m=\u001b[32m\"\"\u001b[39m\n              \u001b[33mstyle\u001b[39m=\u001b[32m\"overflow-x: hidden; overflow-y: scroll;\"\u001b[39m\n            \u001b[36m>\u001b[39m\n              \u001b[36m<div\u001b[39m\n                \u001b[33mstyle\u001b[39m=\u001b[32m\"min-width: 100%; display: table;\"\u001b[39m\n              \u001b[36m>\u001b[39m\n                \u001b[36m<div\u001b[39m\n                  \u001b[33mclass\u001b[39m=\u001b[32m\"space-y-2\"\u001b[39m\n                \u001b[36m>\u001b[39m\n                  \u001b[36m<div\u001b[39m\n                    \u001b[33mclass\u001b[39m=\u001b[32m\"mb-2\"\u001b[39m\n                    \u001b[33mdata-state\u001b[39m=\u001b[32m\"closed\"\u001b[39m\n                  \u001b[36m>\u001b[39m\n                    \u001b[36m<button\u001b[39m\n                      \u001b[33maria-controls\u001b[39m=\u001b[32m\"radix-:r0:\"\u001b[39m\n                      \u001b[33maria-expanded\u001b[39m=\u001b[32m\"false\"\u001b[39m\n                      \u001b[33mclass\u001b[39m=\u001b[32m\"inline-flex items-center whitespace-nowrap rounded-md text-sm font-medium ring-offset-background focus-visible:outline-none focus-visible:ring-2 focus-visible:ring-ring focus-visible:ring-offset-2 disabled:pointer-events-none disabled:opacity-50 hover:text-accent-foreground w-full justify-start p-2 h-auto hover:bg-accent/50 dark:hover:bg-gray-800/60 transition-all duration-200\"\u001b[39m\n                      \u001b[33mdata-state\u001b[39m=\u001b[32m\"closed\"\u001b[39m\n                      \u001b[33mstyle\u001b[39m=\u001b[32m\"border-left: 4px solid rgb(99, 102, 241);\"\u001b[39m\n                      \u001b[33mtype\u001b[39m=\u001b[32m\"button\"\u001b[39m\n                    \u001b[36m>\u001b[39m\n                      \u001b[36m<div\u001b[39m\n                        \u001b[33mclass\u001b[39m=\u001b[32m\"flex items-center justify-between w-full\"\u001b[39m\n                      \u001b[36m>\u001b[39m\n                        \u001b[36m<div\u001b[39m\n                          \u001b[33mclass\u001b[39m=\u001b[32m\"flex items-center gap-2\"\u001b[39m\n                        \u001b[36m>\u001b[39m\n                          \u001b[36m<svg\u001b[39m\n                            \u001b[33mclass\u001b[39m=\u001b[32m\"lucide lucide-chevron-right h-4 w-4\"\u001b[39m\n                            \u001b[33mfill\u001b[39m=\u001b[32m\"none\"\u001b[39m\n                            \u001b[33mheight\u001b[39m=\u001b[32m\"24\"\u001b[39m\n                            \u001b[33mstroke\u001b[39m=\u001b[32m\"currentColor\"\u001b[39m\n                            \u001b[33mstroke-linecap\u001b[39m=\u001b[32m\"round\"\u001b[39m\n                            \u001b[33mstroke-linejoin\u001b[39m=\u001b[32m\"round\"\u001b[39m\n                            \u001b[33mstroke-width\u001b[39m=\u001b[32m\"2\"\u001b[39m\n                            \u001b[33mviewBox\u001b[39m=\u001b[32m\"0 0 24 24\"\u001b[39m\n                            \u001b[33mwidth\u001b[39m=\u001b[32m\"24\"\u001b[39m\n                            \u001b[33mxmlns\u001b[39m=\u001b[32m\"http://www.w3.org/2000/svg\"\u001b[39m\n                          \u001b[36m>\u001b[39m\n                            \u001b[36m<path\u001b[39m\n                              \u001b[33md\u001b[39m=\u001b[32m\"m9 18 6-6-6-6\"\u001b[39m\n                            \u001b[36m/>\u001b[39m\n                          \u001b[36m</svg>\u001b[39m\n                          \u001b[36m<span\u001b[39m\n                            \u001b[33mclass\u001b[39m=\u001b[32m\"text-lg\"\u001b[39m\n                          \u001b[36m>\u001b[39m\n                            \u001b[0m🧩\u001b[0m\n                          \u001b[36m</span>\u001b[39m\n                          \u001b[36m<span\u001b[39m\n                            \u001b[33mclass\u001b[39m=\u001b[32m\"font-medium text-foreground\"\u001b[39m\n                          \u001b[36m>\u001b[39m\n                            \u001b[0mCoding Paradigms\u001b[0m\n                          \u001b[36m</span>\u001b[39m\n                          \u001b[36m<div\u001b[39m\n                            \u001b[33mclass\u001b[39m=\u001b[32m\"inline-flex items-center rounded-full border px-2.5 py-0.5 font-semibold transition-colors focus:outline-none focus:ring-2 focus:ring-ring focus:ring-offset-2 hover:bg-secondary/80 text-xs bg-muted text-muted-foreground border-border\"\u001b[39m\n                          \u001b[36m>\u001b[39m\n                            \u001b[0m31\u001b[0m\n                          \u001b[36m</div>\u001b[39m\n                        \u001b[36m</div>\u001b[39m\n                      \u001b[36m</div>\u001b[39m\n                    \u001b[36m</button>\u001b[39m\n                    \u001b[36m<div\u001b[39m\n                      \u001b[33mclass\u001b[39m=\u001b[32m\"pl-4 pt-1\"\u001b[39m\n                      \u001b[33mdata-state\u001b[39m=\u001b[32m\"closed\"\u001b[39m\n                      \u001b[33mhidden\u001b[39m=\u001b[32m\"\"\u001b[39m\n                      \u001b[33mid\u001b[39m=\u001b[32m\"radix-:r0:\"\u001b[39m\n                      \u001b[33mstyle\u001b[39m=\u001b[32m\"\"\u001b[39m\n                    \u001b[36m/>\u001b[39m\n                  \u001b[36m</div>\u001b[39m\n                  \u001b[36m<div\u001b[39m\n                    \u001b[33mclass\u001b[39m=\u001b[32m\"mb-2\"\u001b[39m\n                    \u001b[33mdata-state\u001b[39m=\u001b[32m\"closed\"\u001b[39m\n                  \u001b[36m>\u001b[39m\n                    \u001b[36m<button\u001b[39m\n                      \u001b[33maria-controls\u001b[39m=\u001b[32m\"radix-:r1:\"\u001b[39m\n                      \u001b[33maria-expanded\u001b[39m=\u001b[32m\"false\"\u001b[39m\n                      \u001b[33mclass\u001b[39m=\u001b[32m\"inline-flex items-center whitespace-nowrap rounded-md text-sm font-medium ring-offset-background focus-visible:outline-none focus-visible:ring-2 focus-visible:ring-ring focus-visible:ring-offset-2 disabled:pointer-events-none...\n\u001b[2m\u001b[22m\n\u001b[2m    \u001b[0m \u001b[90m 11 |\u001b[39m       \u001b[33m<\u001b[39m\u001b[33m/\u001b[39m\u001b[33mReactFlowProvider\u001b[39m\u001b[33m>\u001b[39m\u001b[22m\n\u001b[2m     \u001b[90m 12 |\u001b[39m     )\u001b[33m;\u001b[39m\u001b[22m\n\u001b[2m    \u001b[31m\u001b[1m>\u001b[22m\u001b[2m\u001b[39m\u001b[90m 13 |\u001b[39m     expect(screen\u001b[33m.\u001b[39mgetByTestId(\u001b[32m'node-palette'\u001b[39m))\u001b[33m.\u001b[39mtoBeInTheDocument()\u001b[33m;\u001b[39m\u001b[22m\n\u001b[2m     \u001b[90m    |\u001b[39m                   \u001b[31m\u001b[1m^\u001b[22m\u001b[2m\u001b[39m\u001b[22m\n\u001b[2m     \u001b[90m 14 |\u001b[39m   })\u001b[33m;\u001b[39m\u001b[22m\n\u001b[2m     \u001b[90m 15 |\u001b[39m\u001b[22m\n\u001b[2m     \u001b[90m 16 |\u001b[39m   it(\u001b[32m'expands clusters on click'\u001b[39m\u001b[33m,\u001b[39m () \u001b[33m=>\u001b[39m {\u001b[0m\u001b[22m\n\u001b[2m\u001b[22m\n\u001b[2m      \u001b[2mat Object.getElementError (\u001b[22m\u001b[2mnode_modules/@testing-library/dom/dist/config.js\u001b[2m:37:19)\u001b[22m\u001b[2m\u001b[22m\n\u001b[2m      \u001b[2mat \u001b[22m\u001b[2mnode_modules/@testing-library/dom/dist/query-helpers.js\u001b[2m:76:38\u001b[22m\u001b[2m\u001b[22m\n\u001b[2m      \u001b[2mat \u001b[22m\u001b[2mnode_modules/@testing-library/dom/dist/query-helpers.js\u001b[2m:52:17\u001b[22m\u001b[2m\u001b[22m\n\u001b[2m      \u001b[2mat \u001b[22m\u001b[2mnode_modules/@testing-library/dom/dist/query-helpers.js\u001b[2m:95:19\u001b[22m\u001b[2m\u001b[22m\n\u001b[2m      \u001b[2mat Object.getByTestId (\u001b[22m\u001b[2m\u001b[0m\u001b[36mtests/unit/components/NodePalette.test.jsx\u001b[39m\u001b[0m\u001b[2m:13:19)\u001b[22m\u001b[2m\u001b[22m\n","name":"/workspaces/semantic_flow/tests/unit/components/NodePalette.test.jsx","startTime":1752976476371,"status":"failed","summary":""},{"assertionResults":[{"ancestorTitles":["ProviderSetup E2E"],"duration":54,"failing":false,"failureDetails":[{}],"failureMessages":["Error: Unable to find tRPC Context. Did you forget to wrap your App inside `withTRPC` HoC?\n    at useContext (/workspaces/semantic_flow/node_modules/@trpc/react-query/dist/shared-Dt4RsQVp.cjs:447:23)\n    at Object.useQuery (/workspaces/semantic_flow/node_modules/@trpc/react-query/dist/shared-Dt4RsQVp.cjs:461:19)\n    at /workspaces/semantic_flow/node_modules/@trpc/react-query/dist/shared-Dt4RsQVp.cjs:22:24\n    at Object.apply (/workspaces/semantic_flow/node_modules/@trpc/server/dist/getErrorShape-DKiEF6Zc.cjs:58:11)\n    at useQuery (/workspaces/semantic_flow/src/components/ProviderSetup.jsx:23:82)\n    at renderWithHooks (/workspaces/semantic_flow/node_modules/react-dom/cjs/react-dom.development.js:15486:18)\n    at mountIndeterminateComponent (/workspaces/semantic_flow/node_modules/react-dom/cjs/react-dom.development.js:20103:13)\n    at beginWork (/workspaces/semantic_flow/node_modules/react-dom/cjs/react-dom.development.js:21626:16)\n    at beginWork$1 (/workspaces/semantic_flow/node_modules/react-dom/cjs/react-dom.development.js:27465:14)\n    at performUnitOfWork (/workspaces/semantic_flow/node_modules/react-dom/cjs/react-dom.development.js:26599:12)\n    at workLoopSync (/workspaces/semantic_flow/node_modules/react-dom/cjs/react-dom.development.js:26505:5)\n    at renderRootSync (/workspaces/semantic_flow/node_modules/react-dom/cjs/react-dom.development.js:26473:7)\n    at recoverFromConcurrentError (/workspaces/semantic_flow/node_modules/react-dom/cjs/react-dom.development.js:25889:20)\n    at performConcurrentWorkOnRoot (/workspaces/semantic_flow/node_modules/react-dom/cjs/react-dom.development.js:25789:22)\n    at flushActQueue (/workspaces/semantic_flow/node_modules/react/cjs/react.development.js:2667:24)\n    at act (/workspaces/semantic_flow/node_modules/react/cjs/react.development.js:2582:11)\n    at /workspaces/semantic_flow/node_modules/@testing-library/react/dist/act-compat.js:47:25\n    at renderRoot (/workspaces/semantic_flow/node_modules/@testing-library/react/dist/pure.js:190:26)\n    at render (/workspaces/semantic_flow/node_modules/@testing-library/react/dist/pure.js:292:10)\n    at Object.<anonymous> (/workspaces/semantic_flow/tests/e2e/providerSetup.e2e.test.js:8:11)\n    at Promise.finally.completed (/workspaces/semantic_flow/node_modules/jest-circus/build/jestAdapterInit.js:1559:28)\n    at new Promise (<anonymous>)\n    at callAsyncCircusFn (/workspaces/semantic_flow/node_modules/jest-circus/build/jestAdapterInit.js:1499:10)\n    at _callCircusTest (/workspaces/semantic_flow/node_modules/jest-circus/build/jestAdapterInit.js:1009:40)\n    at _runTest (/workspaces/semantic_flow/node_modules/jest-circus/build/jestAdapterInit.js:949:3)\n    at _runTestsForDescribeBlock (/workspaces/semantic_flow/node_modules/jest-circus/build/jestAdapterInit.js:839:13)\n    at _runTestsForDescribeBlock (/workspaces/semantic_flow/node_modules/jest-circus/build/jestAdapterInit.js:829:11)\n    at run (/workspaces/semantic_flow/node_modules/jest-circus/build/jestAdapterInit.js:757:3)\n    at runAndTransformResultsToJestFormat (/workspaces/semantic_flow/node_modules/jest-circus/build/jestAdapterInit.js:1920:21)\n    at jestAdapter (/workspaces/semantic_flow/node_modules/jest-circus/build/runner.js:101:19)\n    at runTestInternal (/workspaces/semantic_flow/node_modules/jest-runner/build/index.js:272:16)\n    at runTest (/workspaces/semantic_flow/node_modules/jest-runner/build/index.js:340:7)"],"fullName":"ProviderSetup E2E renders provider setup and allows API key entry","invocations":1,"location":null,"numPassingAsserts":0,"retryReasons":[],"startAt":1752976477079,"status":"failed","title":"renders provider setup and allows API key entry"},{"ancestorTitles":["ProviderSetup E2E"],"duration":32,"failing":false,"failureDetails":[{}],"failureMessages":["Error: Unable to find tRPC Context. Did you forget to wrap your App inside `withTRPC` HoC?\n    at useContext (/workspaces/semantic_flow/node_modules/@trpc/react-query/dist/shared-Dt4RsQVp.cjs:447:23)\n    at Object.useQuery (/workspaces/semantic_flow/node_modules/@trpc/react-query/dist/shared-Dt4RsQVp.cjs:461:19)\n    at /workspaces/semantic_flow/node_modules/@trpc/react-query/dist/shared-Dt4RsQVp.cjs:22:24\n    at Object.apply (/workspaces/semantic_flow/node_modules/@trpc/server/dist/getErrorShape-DKiEF6Zc.cjs:58:11)\n    at useQuery (/workspaces/semantic_flow/src/components/ProviderSetup.jsx:23:82)\n    at renderWithHooks (/workspaces/semantic_flow/node_modules/react-dom/cjs/react-dom.development.js:15486:18)\n    at mountIndeterminateComponent (/workspaces/semantic_flow/node_modules/react-dom/cjs/react-dom.development.js:20103:13)\n    at beginWork (/workspaces/semantic_flow/node_modules/react-dom/cjs/react-dom.development.js:21626:16)\n    at beginWork$1 (/workspaces/semantic_flow/node_modules/react-dom/cjs/react-dom.development.js:27465:14)\n    at performUnitOfWork (/workspaces/semantic_flow/node_modules/react-dom/cjs/react-dom.development.js:26599:12)\n    at workLoopSync (/workspaces/semantic_flow/node_modules/react-dom/cjs/react-dom.development.js:26505:5)\n    at renderRootSync (/workspaces/semantic_flow/node_modules/react-dom/cjs/react-dom.development.js:26473:7)\n    at recoverFromConcurrentError (/workspaces/semantic_flow/node_modules/react-dom/cjs/react-dom.development.js:25889:20)\n    at performConcurrentWorkOnRoot (/workspaces/semantic_flow/node_modules/react-dom/cjs/react-dom.development.js:25789:22)\n    at flushActQueue (/workspaces/semantic_flow/node_modules/react/cjs/react.development.js:2667:24)\n    at act (/workspaces/semantic_flow/node_modules/react/cjs/react.development.js:2582:11)\n    at /workspaces/semantic_flow/node_modules/@testing-library/react/dist/act-compat.js:47:25\n    at renderRoot (/workspaces/semantic_flow/node_modules/@testing-library/react/dist/pure.js:190:26)\n    at render (/workspaces/semantic_flow/node_modules/@testing-library/react/dist/pure.js:292:10)\n    at Object.<anonymous> (/workspaces/semantic_flow/tests/e2e/providerSetup.e2e.test.js:17:11)\n    at Promise.finally.completed (/workspaces/semantic_flow/node_modules/jest-circus/build/jestAdapterInit.js:1559:28)\n    at new Promise (<anonymous>)\n    at callAsyncCircusFn (/workspaces/semantic_flow/node_modules/jest-circus/build/jestAdapterInit.js:1499:10)\n    at _callCircusTest (/workspaces/semantic_flow/node_modules/jest-circus/build/jestAdapterInit.js:1009:40)\n    at _runTest (/workspaces/semantic_flow/node_modules/jest-circus/build/jestAdapterInit.js:949:3)\n    at _runTestsForDescribeBlock (/workspaces/semantic_flow/node_modules/jest-circus/build/jestAdapterInit.js:839:13)\n    at _runTestsForDescribeBlock (/workspaces/semantic_flow/node_modules/jest-circus/build/jestAdapterInit.js:829:11)\n    at run (/workspaces/semantic_flow/node_modules/jest-circus/build/jestAdapterInit.js:757:3)\n    at runAndTransformResultsToJestFormat (/workspaces/semantic_flow/node_modules/jest-circus/build/jestAdapterInit.js:1920:21)\n    at jestAdapter (/workspaces/semantic_flow/node_modules/jest-circus/build/runner.js:101:19)\n    at runTestInternal (/workspaces/semantic_flow/node_modules/jest-runner/build/index.js:272:16)\n    at runTest (/workspaces/semantic_flow/node_modules/jest-runner/build/index.js:340:7)"],"fullName":"ProviderSetup E2E shows error for invalid API key","invocations":1,"location":null,"numPassingAsserts":0,"retryReasons":[],"startAt":1752976477134,"status":"failed","title":"shows error for invalid API key"}],"endTime":1752976477184,"message":"\u001b[1m\u001b[31m  \u001b[1m● \u001b[22m\u001b[1mProviderSetup E2E › renders provider setup and allows API key entry\u001b[39m\u001b[22m\n\n    Unable to find tRPC Context. Did you forget to wrap your App inside `withTRPC` HoC?\n\u001b[2m\u001b[22m\n\u001b[2m    \u001b[0m \u001b[90m 21 |\u001b[39m   \u001b[36mconst\u001b[39m [isValid\u001b[33m,\u001b[39m setIsValid] \u001b[33m=\u001b[39m useState(\u001b[36mfalse\u001b[39m)\u001b[33m;\u001b[39m\u001b[22m\n\u001b[2m     \u001b[90m 22 |\u001b[39m\u001b[22m\n\u001b[2m    \u001b[31m\u001b[1m>\u001b[22m\u001b[2m\u001b[39m\u001b[90m 23 |\u001b[39m   \u001b[36mconst\u001b[39m { data\u001b[33m:\u001b[39m initialProviders\u001b[33m,\u001b[39m isLoading\u001b[33m,\u001b[39m refetch } \u001b[33m=\u001b[39m trpc\u001b[33m.\u001b[39mprovider\u001b[33m.\u001b[39mgetConfig\u001b[33m.\u001b[39museQuery({ userId })\u001b[33m;\u001b[39m\u001b[22m\n\u001b[2m     \u001b[90m    |\u001b[39m                                                                                  \u001b[31m\u001b[1m^\u001b[22m\u001b[2m\u001b[39m\u001b[22m\n\u001b[2m     \u001b[90m 24 |\u001b[39m   \u001b[36mconst\u001b[39m updateConfigMutation \u001b[33m=\u001b[39m trpc\u001b[33m.\u001b[39mprovider\u001b[33m.\u001b[39mupdateConfig\u001b[33m.\u001b[39museMutation()\u001b[33m;\u001b[39m\u001b[22m\n\u001b[2m     \u001b[90m 25 |\u001b[39m   \u001b[36
[...]
location":null,"numPassingAsserts":1,"retryReasons":[],"startAt":1752976480578,"status":"passed","title":"converts text to workflow"}],"endTime":1752976480580,"message":"","name":"/workspaces/semantic_flow/tests/unit/promptingEngine.test.js","startTime":1752976480499,"status":"passed","summary":""},{"assertionResults":[{"ancestorTitles":["Ontology"],"duration":0,"failing":false,"failureDetails":[],"failureMessages":[],"fullName":"Ontology should define semantic node types","invocations":1,"location":null,"numPassingAsserts":1,"retryReasons":[],"startAt":1752976480660,"status":"passed","title":"should define semantic node types"}],"endTime":1752976480661,"message":"","name":"/workspaces/semantic_flow/tests/unit/ontology.test.js","startTime":1752976480592,"status":"passed","summary":""},{"assertionResults":[],"coverage":{},"endTime":1752976482799,"message":"  \u001b[1m● \u001b[22mTest suite failed to run\n\n    \u001b[1m\u001b[31mJest encountered an unexpected token\u001b[39m\u001b[22m\n\n    Jest failed to parse a file. This happens e.g. when your code or its dependencies use non-standard JavaScript syntax, or when Jest is not configured to support such syntax.\n\n    Out of the box Jest supports Babel, which will be used to transform your files into valid JS based on your Babel configuration.\n\n    By default \"node_modules\" folder is ignored by transformers.\n\n    Here's what you can do:\n     • If you are trying to use ECMAScript Modules, see \u001b[4mhttps://jestjs.io/docs/ecmascript-modules\u001b[24m for how to enable it.\n     • If you are trying to use TypeScript, see \u001b[4mhttps://jestjs.io/docs/getting-started#using-typescript\u001b[24m\n     • To have some of your \"node_modules\" files transformed, you can specify a custom \u001b[1m\"transformIgnorePatterns\"\u001b[22m in your config.\n     • If you need a custom transformation, specify a \u001b[1m\"transform\"\u001b[22m option in your config.\n     • If you simply want to mock your non-JS modules (e.g. binary assets) you can stub them out with the \u001b[1m\"moduleNameMapper\"\u001b[22m config option.\n\n    You'll find more details and examples of these config options in the docs:\n    \u001b[36mhttps://jestjs.io/docs/configuration\u001b[39m\n    For information about custom transformations, see:\n    \u001b[36mhttps://jestjs.io/docs/code-transformation\u001b[39m\n\n    \u001b[1m\u001b[31mDetails:\u001b[39m\u001b[22m\n\n    /workspaces/semantic_flow/node_modules/fetch-blob/index.js:6\n    import './streams.cjs'\n    ^^^^^^\n\n    SyntaxError: Cannot use import statement outside a module\n\n    \u001b[0m \u001b[90m 3 |\u001b[39m \u001b[36mimport\u001b[39m { z } \u001b[36mfrom\u001b[39m \u001b[32m'zod'\u001b[39m\u001b[33m;\u001b[39m\n     \u001b[90m 4 |\u001b[39m \u001b[36mimport\u001b[39m { \u001b[33mTRPCError\u001b[39m } \u001b[36mfrom\u001b[39m \u001b[32m'@trpc/server'\u001b[39m\u001b[33m;\u001b[39m\n    \u001b[31m\u001b[1m>\u001b[22m\u001b[39m\u001b[90m 5 |\u001b[39m \u001b[36mimport\u001b[39m fetch \u001b[36mfrom\u001b[39m \u001b[32m'node-fetch'\u001b[39m\u001b[33m;\u001b[39m\n     \u001b[90m   |\u001b[39m \u001b[31m\u001b[1m^\u001b[22m\u001b[39m\n     \u001b[90m 6 |\u001b[39m \u001b[90m// Removed local PrismaClient; use ctx.prisma from tRPC context\u001b[39m\n     \u001b[90m 7 |\u001b[39m\n     \u001b[90m 8 |\u001b[39m \u001b[90m// Default provider configurations\u001b[39m\u001b[0m\n\n      \u001b[2mat Runtime.createScriptFromCode (\u001b[22mnode_modules/jest-runtime/build/index.js\u001b[2m:1314:40)\u001b[22m\n      \u001b[2mat Object.require (\u001b[22mnode_modules/node-fetch/src/body.js\u001b[2m:12:1)\u001b[22m\n      \u001b[2mat Object.require (\u001b[22mnode_modules/node-fetch/src/index.js\u001b[2m:17:1)\u001b[22m\n      \u001b[2mat Object.require (\u001b[22mserver/src/routers/provider.ts\u001b[2m:5:1)\u001b[22m\n      \u001b[2mat Object.require (\u001b[22mserver/src/routers/index.ts\u001b[2m:5:1)\u001b[22m\n      \u001b[2mat Object.require (\u001b[22mserver/index.js\u001b[2m:47:17)\u001b[22m\n      \u001b[2mat Object.require (\u001b[22m\u001b[0m\u001b[36mtests/integration/api/workflow.integration.test.js\u001b[39m\u001b[0m\u001b[2m:2:1)\u001b[22m\n","name":"/workspaces/semantic_flow/tests/integration/api/workflow.integration.test.js","startTime":1752976482799,"status":"failed","summary":""},{"assertionResults":[],"coverage":{},"endTime":1752976482799,"message":"  \u001b[1m● \u001b[22mTest suite failed to run\n\n    \u001b[1m\u001b[31mJest encountered an unexpected token\u001b[39m\u001b[22m\n\n    Jest failed to parse a file. This happens e.g. when your code or its dependencies use non-standard JavaScript syntax, or when Jest is not configured to support such syntax.\n\n    Out of the box Jest supports Babel, which will be used to transform your files into valid JS based on your Babel configuration.\n\n    By default \"node_modules\" folder is ignored by transformers.\n\n    Here's what you can do:\n     • If you are trying to use ECMAScript Modules, see \u001b[4mhttps://jestjs.io/docs/ecmascript-modules\u001b[24m for how to enable it.\n     • If you are trying to use TypeScript, see \u001b[4mhttps://jestjs.io/docs/getting-started#using-typescript\u001b[24m\n     • To have some of your \"node_modules\" files transformed, you can specify a custom \u001b[1m\"transformIgnorePatterns\"\u001b[22m in your config.\n     • If you need a custom transformation, specify a \u001b[1m\"transform\"\u001b[22m option in your config.\n     • If you simply want to mock your non-JS modules (e.g. binary assets) you can stub them out with the \u001b[1m\"moduleNameMapper\"\u001b[22m config option.\n\n    You'll find more details and examples of these config options in the docs:\n    \u001b[36mhttps://jestjs.io/docs/configuration\u001b[39m\n    For information about custom transformations, see:\n    \u001b[36mhttps://jestjs.io/docs/code-transformation\u001b[39m\n\n    \u001b[1m\u001b[31mDetails:\u001b[39m\u001b[22m\n\n    /workspaces/semantic_flow/node_modules/fetch-blob/index.js:6\n    import './streams.cjs'\n    ^^^^^^\n\n    SyntaxError: Cannot use import statement outside a module\n\n    \u001b[0m \u001b[90m 3 |\u001b[39m \u001b[36mimport\u001b[39m { z } \u001b[36mfrom\u001b[39m \u001b[32m'zod'\u001b[39m\u001b[33m;\u001b[39m\n     \u001b[90m 4 |\u001b[39m \u001b[36mimport\u001b[39m { \u001b[33mTRPCError\u001b[39m } \u001b[36mfrom\u001b[39m \u001b[32m'@trpc/server'\u001b[39m\u001b[33m;\u001b[39m\n    \u001b[31m\u001b[1m>\u001b[22m\u001b[39m\u001b[90m 5 |\u001b[39m \u001b[36mimport\u001b[39m fetch \u001b[36mfrom\u001b[39m \u001b[32m'node-fetch'\u001b[39m\u001b[33m;\u001b[39m\n     \u001b[90m   |\u001b[39m \u001b[31m\u001b[1m^\u001b[22m\u001b[39m\n     \u001b[90m 6 |\u001b[39m \u001b[90m// Removed local PrismaClient; use ctx.prisma from tRPC context\u001b[39m\n     \u001b[90m 7 |\u001b[39m\n     \u001b[90m 8 |\u001b[39m \u001b[90m// Default provider configurations\u001b[39m\u001b[0m\n\n      \u001b[2mat Runtime.createScriptFromCode (\u001b[22mnode_modules/jest-runtime/build/index.js\u001b[2m:1314:40)\u001b[22m\n      \u001b[2mat Object.require (\u001b[22mnode_modules/node-fetch/src/body.js\u001b[2m:12:1)\u001b[22m\n      \u001b[2mat Object.require (\u001b[22mnode_modules/node-fetch/src/index.js\u001b[2m:17:1)\u001b[22m\n      \u001b[2mat Object.require (\u001b[22mserver/src/routers/provider.ts\u001b[2m:5:1)\u001b[22m\n      \u001b[2mat Object.require (\u001b[22mserver/src/routers/index.ts\u001b[2m:5:1)\u001b[22m\n      \u001b[2mat Object.require (\u001b[22mserver/index.js\u001b[2m:47:17)\u001b[22m\n      \u001b[2mat Object.require (\u001b[22m\u001b[0m\u001b[36mtests/integration/api/user.integration.test.js\u001b[39m\u001b[0m\u001b[2m:2:1)\u001b[22m\n","name":"/workspaces/semantic_flow/tests/integration/api/user.integration.test.js","startTime":1752976482799,"status":"failed","summary":""},{"assertionResults":[],"coverage":{},"endTime":1752976482799,"message":"  \u001b[1m● \u001b[22mTest suite failed to run\n\n    \u001b[1m\u001b[31mJest encountered an unexpected token\u001b[39m\u001b[22m\n\n    Jest failed to parse a file. This happens e.g. when your code or its dependencies use non-standard JavaScript syntax, or when Jest is not configured to support such syntax.\n\n    Out of the box Jest supports Babel, which will be used to transform your files into valid JS based on your Babel configuration.\n\n    By default \"node_modules\" folder is ignored by transformers.\n\n    Here's what you can do:\n     • If you are trying to use ECMAScript Modules, see \u001b[4mhttps://jestjs.io/docs/ecmascript-modules\u001b[24m for how to enable it.\n     • If you are trying to use TypeScript, see \u001b[4mhttps://jestjs.io/docs/getting-started#using-typescript\u001b[24m\n     • To have some of your \"node_modules\" files transformed, you can specify a custom \u001b[1m\"transformIgnorePatterns\"\u001b[22m in your config.\n     • If you need a custom transformation, specify a \u001b[1m\"transform\"\u001b[22m option in your config.\n     • If you simply want to mock your non-JS modules (e.g. binary assets) you can stub them out with the \u001b[1m\"moduleNameMapper\"\u001b[22m config option.\n\n    You'll find more details and examples of these config options in the docs:\n    \u001b[36mhttps://jestjs.io/docs/configuration\u001b[39m\n    For information about custom transformations, see:\n    \u001b[36mhttps://jestjs.io/docs/code-transformation\u001b[39m\n\n    \u001b[1m\u001b[31mDetails:\u001b[39m\u001b[22m\n\n    /workspaces/semantic_flow/node_modules/fetch-blob/index.js:6\n    import './streams.cjs'\n    ^^^^^^\n\n    SyntaxError: Cannot use import statement outside a module\n\n    \u001b[0m \u001b[90m 3 |\u001b[39m \u001b[36mimport\u001b[39m { z } \u001b[36mfrom\u001b[39m \u001b[32m'zod'\u001b[39m\u001b[33m;\u001b[39m\n     \u001b[90m 4 |\u001b[39m \u001b[36mimport\u001b[39m { \u001b[33mTRPCError\u001b[39m } \u001b[36mfrom\u001b[39m \u001b[32m'@trpc/server'\u001b[39m\u001b[33m;\u001b[39m\n    \u001b[31m\u001b[1m>\u001b[22m\u001b[39m\u001b[90m 5 |\u001b[39m \u001b[36mimport\u001b[39m fetch \u001b[36mfrom\u001b[39m \u001b[32m'node-fetch'\u001b[39m\u001b[33m;\u001b[39m\n     \u001b[90m   |\u001b[39m \u001b[31m\u001b[1m^\u001b[22m\u001b[39m\n     \u001b[90m 6 |\u001b[39m \u001b[90m// Removed local PrismaClient; use ctx.prisma from tRPC context\u001b[39m\n     \u001b[90m 7 |\u001b[39m\n     \u001b[90m 8 |\u001b[39m \u001b[90m// Default provider configurations\u001b[39m\u001b[0m\n\n      \u001b[2mat Runtime.createScriptFromCode (\u001b[22mnode_modules/jest-runtime/build/index.js\u001b[2m:1314:40)\u001b[22m\n      \u001b[2mat Object.require (\u001b[22mnode_modules/node-fetch/src/body.js\u001b[2m:12:1)\u001b[22m\n      \u001b[2mat Object.require (\u001b[22mnode_modules/node-fetch/src/index.js\u001b[2m:17:1)\u001b[22m\n      \u001b[2mat Object.require (\u001b[22mserver/src/routers/provider.ts\u001b[2m:5:1)\u001b[22m\n      \u001b[2mat Object.require (\u001b[22mserver/src/routers/index.ts\u001b[2m:5:1)\u001b[22m\n      \u001b[2mat Object.require (\u001b[22mserver/index.js\u001b[2m:47:17)\u001b[22m\n      \u001b[2mat Object.require (\u001b[22m\u001b[0m\u001b[36mtests/integration/api/provider.integration.test.js\u001b[39m\u001b[0m\u001b[2m:2:1)\u001b[22m\n","name":"/workspaces/semantic_flow/tests/integration/api/provider.integration.test.js","startTime":1752976482799,"status":"failed","summary":""},{"assertionResults":[],"coverage":{},"endTime":1752976482799,"message":"  \u001b[1m● \u001b[22mTest suite failed to run\n\n    Cannot find module '../../src/components/ProviderSettings.jsx' from 'tests/unit/components/ProviderSettings.test.js'\n\n    \u001b[0m \u001b[90m 3 |\u001b[39m \u001b[36mimport\u001b[39m \u001b[32m'@testing-library/jest-dom'\u001b[39m\u001b[33m;\u001b[39m\n     \u001b[90m 4 |\u001b[39m\n    \u001b[31m\u001b[1m>\u001b[22m\u001b[39m\u001b[90m 5 |\u001b[39m \u001b[36mimport\u001b[39m \u001b[33mProviderSettings\u001b[39m \u001b[36mfrom\u001b[39m \u001b[32m'../../src/components/ProviderSettings.jsx'\u001b[39m\u001b[33m;\u001b[39m\n     \u001b[90m   |\u001b[39m \u001b[31m\u001b[1m^\u001b[22m\u001b[39m\n     \u001b[90m 6 |\u001b[39m \u001b[36mimport\u001b[39m { trpc\u001b[33m,\u001b[39m trpcClient } \u001b[36mfrom\u001b[39m \u001b[32m'../../src/lib/trpc'\u001b[39m\u001b[33m;\u001b[39m\n     \u001b[90m 7 |\u001b[39m \u001b[36mimport\u001b[39m { \u001b[33mQueryClient\u001b[39m\u001b[33m,\u001b[39m \u001b[33mQueryClientProvider\u001b[39m } \u001b[36mfrom\u001b[39m \u001b[32m'@tanstack/react-query'\u001b[39m\u001b[33m;\u001b[39m\n     \u001b[90m 8 |\u001b[39m \u001b[36mimport\u001b[39m { \u001b[33mThemeProvider\u001b[39m } \u001b[36mfrom\u001b[39m \u001b[32m\"next-themes\"\u001b[39m\u001b[33m;\u001b[39m\u001b[0m\n\n      \u001b[2mat Resolver._throwModNotFoundError (\u001b[22mnode_modules/jest-resolve/build/index.js\u001b[2m:863:11)\u001b[22m\n      \u001b[2mat Object.require (\u001b[22m\u001b[0m\u001b[36mtests/unit/components/ProviderSettings.test.js\u001b[39m\u001b[0m\u001b[2m:5:1)\u001b[22m\n","name":"/workspaces/semantic_flow/tests/unit/components/ProviderSettings.test.js","startTime":1752976482799,"status":"failed","summary":""},{"assertionResults":[],"coverage":{},"endTime":1752976482800,"message":"  \u001b[1m● \u001b[22mTest suite failed to run\n\n    \u001b[1m\u001b[31mJest encountered an unexpected token\u001b[39m\u001b[22m\n\n    Jest failed to parse a file. This happens e.g. when your code or its dependencies use non-standard JavaScript syntax, or when Jest is not configured to support such syntax.\n\n    Out of the box Jest supports Babel, which will be used to transform your files into valid JS based on your Babel configuration.\n\n    By default \"node_modules\" folder is ignored by transformers.\n\n    Here's what you can do:\n     • If you are trying to use ECMAScript Modules, see \u001b[4mhttps://jestjs.io/docs/ecmascript-modules\u001b[24m for how to enable it.\n     • If you are trying to use TypeScript, see \u001b[4mhttps://jestjs.io/docs/getting-started#using-typescript\u001b[24m\n     • To have some of your \"node_modules\" files transformed, you can specify a custom \u001b[1m\"transformIgnorePatterns\"\u001b[22m in your config.\n     • If you need a custom transformation, specify a \u001b[1m\"transform\"\u001b[22m option in your config.\n     • If you simply want to mock your non-JS modules (e.g. binary assets) you can stub them out with the \u001b[1m\"moduleNameMapper\"\u001b[22m config option.\n\n    You'll find more details and examples of these config options in the docs:\n    \u001b[36mhttps://jestjs.io/docs/configuration\u001b[39m\n    For information about custom transformations, see:\n    \u001b[36mhttps://jestjs.io/docs/code-transformation\u001b[39m\n\n    \u001b[1m\u001b[31mDetails:\u001b[39m\u001b[22m\n\n    /workspaces/semantic_flow/src/env-config.js:12\n      const apiUrl = import.meta.env.VITE_SEMANTIC_FLOW_API_URL || \"http://localhost:3001/api/trpc\";\n                            ^^^^\n\n    SyntaxError: Cannot use 'import.meta' outside a module\n\n    \u001b[0m\u001b[31m\u001b[1m>\u001b[22m\u001b[39m\u001b[90m 1 |\u001b[39m \u001b[36mimport\u001b[39m \u001b[32m'../../src/env-config.js'\u001b[39m\u001b[33m;\u001b[39m\n     \u001b[90m   |\u001b[39m \u001b[31m\u001b[1m^\u001b[22m\u001b[39m\n     \u001b[90m 2 |\u001b[39m\n     \u001b[90m 3 |\u001b[39m describe(\u001b[32m'env-config'\u001b[39m\u001b[33m,\u001b[39m () \u001b[33m=>\u001b[39m {\n     \u001b[90m 4 |\u001b[39m   it(\u001b[32m'should set window.ENV variables'\u001b[39m\u001b[33m,\u001b[39m () \u001b[33m=>\u001b[39m {\u001b[0m\n\n      \u001b[2mat Runtime.createScriptFromCode (\u001b[22mnode_modules/jest-runtime/build/index.js\u001b[2m:1314:40)\u001b[22m\n      \u001b[2mat Object.require (\u001b[22m\u001b[0m\u001b[36mtests/unit/env-config.test.js\u001b[39m\u001b[0m\u001b[2m:1:1)\u001b[22m\n","name":"/workspaces/semantic_flow/tests/unit/env-config.test.js","startTime":1752976482800,"status":"failed","summary":""},{"assertionResults":[],"coverage":{},"endTime":1752976482800,"message":"  \u001b[1m● \u001b[22mTest suite failed to run\n\n    \u001b[1m\u001b[31mJest encountered an unexpected token\u001b[39m\u001b[22m\n\n    Jest failed to parse a file. This happens e.g. when your code or its dependencies use non-standard JavaScript syntax, or when Jest is not configured to support such syntax.\n\n    Out of the box Jest supports Babel, which will be used to transform your files into valid JS based on your Babel configuration.\n\n    By default \"node_modules\" folder is ignored by transformers.\n\n    Here's what you can do:\n     • If you are trying to use ECMAScript Modules, see \u001b[4mhttps://jestjs.io/docs/ecmascript-modules\u001b[24m for how to enable it.\n     • If you are trying to use TypeScript, see \u001b[4mhttps://jestjs.io/docs/getting-started#using-typescript\u001b[24m\n     • To have some of your \"node_modules\" files transformed, you can specify a custom \u001b[1m\"transformIgnorePatterns\"\u001b[22m in your config.\n     • If you need a custom transformation, specify a \u001b[1m\"transform\"\u001b[22m option in your config.\n     • If you simply want to mock your non-JS modules (e.g. binary assets) you can stub them out with the \u001b[1m\"moduleNameMapper\"\u001b[22m config option.\n\n    You'll find more details and examples of these config options in the docs:\n    \u001b[36mhttps://jestjs.io/docs/configuration\u001b[39m\n    For information about custom transformations, see:\n    \u001b[36mhttps://jestjs.io/docs/code-transformation\u001b[39m\n\n    \u001b[1m\u001b[31mDetails:\u001b[39m\u001b[22m\n\n    /workspaces/semantic_flow/node_modules/hast-util-to-jsx-runtime/index.js:19\n    export {toJsxRuntime} from './lib/index.js'\n    ^^^^^^\n\n    SyntaxError: Unexpected token 'export'\n\n    \u001b[0m \u001b[90m 3 |\u001b[39m \u001b[36mimport\u001b[39m { \u001b[33mInput\u001b[39m } \u001b[36mfrom\u001b[39m \u001b[32m\"@/components/ui/input\"\u001b[39m\n     \u001b[90m 4 |\u001b[39m \u001b[36mimport\u001b[39m { \u001b[33mScrollArea\u001b[39m } \u001b[36mfrom\u001b[39m \u001b[32m\"@/components/ui/scroll-area\"\u001b[39m\n    \u001b[31m\u001b[1m>\u001b[22m\u001b[39m\u001b[90m 5 |\u001b[39m \u001b[36mimport\u001b[39m \u001b[33mReactMarkdown\u001b[39m \u001b[36mfrom\u001b[39m \u001b[32m'react-markdown'\u001b[39m\n     \u001b[90m   |\u001b[39m \u001b[31m\u001b[1m^\u001b[22m\u001b[39m\n     \u001b[90m 6 |\u001b[39m \u001b[36mimport\u001b[39m \u001b[33mSettingsModal\u001b[39m \u001b[36mfrom\u001b[39m \u001b[32m'@/components/SettingsModal'\u001b[39m\u001b[33m;\u001b[39m\n     \u001b[90m 7 |\u001b[39m \u001b[36mimport\u001b[39m { \u001b[33mLoader2\u001b[39m\u001b[33m,\u001b[39m \u001b[33mPlusCircle\u001b[39m\u001b[33m,\u001b[39m \u001b[33mChevronLeft\u001b[39m\u001b[33m,\u001b[39m \u001b[33mChevronRight\u001b[39m\u001b[33m,\u001b[39m \u001b[33mSearch\u001b[39m } \u001b[36mfrom\u001b[39m \u001b[32m\"lucide-react\"\u001b[39m\n     \u001b[90m 8 |\u001b[39m \u001b[36mimport\u001b[39m { \u001b[33mPrism\u001b[39m \u001b[36mas\u001b[39m \u001b[33mSyntaxHighlighter\u001b[39m } \u001b[36mfrom\u001b[39m \u001b[32m'react-syntax-highlighter'\u001b[39m\u001b[33m;\u001b[39m\u001b[0m\n\n      \u001b[2mat Runtime.createScriptFromCode (\u001b[22mnode_modules/jest-runtime/build/index.js\u001b[2m:1314:40)\u001b[22m\n      \u001b[2mat Object.require (\u001b[22mnode_modules/react-markdown/lib/index.js\u001b[2m:85:1)\u001b[22m\n      \u001b[2mat Object.require (\u001b[22mnode_modules/react-markdown/index.js\u001b[2m:9:1)\u001b[22m\n      \u001b[2mat Object.require (\u001b[22msrc/pages/ChatPage.jsx\u001b[2m:5:1)\u001b[22m\n      \u001b[2mat Object.require (\u001b[22m\u001b[0m\u001b[36mtests/e2e/chatPage.e2e.test.js\u001b[39m\u001b[0m\u001b[2m:4:1)\u001b[22m\n","name":"/workspaces/semantic_flow/tests/e2e/chatPage.e2e.test.js","startTime":1752976482800,"status":"failed","summary":""}],"wasInterrupted":false}
