<testsuites id="" name="" tests="4" failures="4" skipped="0" errors="0" time="39.26864">
<testsuite name="smoke.spec.ts" timestamp="2025-09-02T23:34:52.271Z" hostname="Chromium" tests="4" failures="4" skipped="0" time="23.968" errors="0">
<testcase name="smokes › loads unified home (Win95 Suite)" classname="smoke.spec.ts" time="6.026">
<failure message="smoke.spec.ts:6:3 loads unified home (Win95 Suite)" type="FAILURE">
<![CDATA[  [Chromium] › smoke.spec.ts:6:3 › smokes › loads unified home (Win95 Suite) ───────────────────────

    Error: Timed out 5000ms waiting for expect(locator).toBeVisible()

    Locator: getByText('Semantic Flow — Win95 Suite')
    Expected: visible
    Received: <element(s) not found>
    Call log:
      - Expect "toBeVisible" with timeout 5000ms
      - waiting for getByText('Semantic Flow — Win95 Suite')


       6 |   test('loads unified home (Win95 Suite)', async ({ page }) => {
       7 |     await page.goto('/');
    >  8 |     await expect(page.getByText('Semantic Flow — Win95 Suite')).toBeVisible();
         |                                                                 ^
       9 |   // Switch to Builder tab and see palette/logs
      10 |   await page.getByRole('tab', { name: 'Builder' }).click();
      11 |     await expect(page.getByText('Palette')).toBeVisible();
        at /workspaces/semantic_flow/tests/e2e/smoke.spec.ts:8:65

    attachment #1: video (video/webm) ──────────────────────────────────────────────────────────────
    ../../test-results/smoke-smokes-loads-unified-home-Win95-Suite--Chromium/video.webm
    ────────────────────────────────────────────────────────────────────────────────────────────────

    Error Context: ../../test-results/smoke-smokes-loads-unified-home-Win95-Suite--Chromium/error-context.md
]]>
</failure>
<system-out>
<![CDATA[
[[ATTACHMENT|test-results/smoke-smokes-loads-unified-home-Win95-Suite--Chromium/video.webm]]

[[ATTACHMENT|test-results/smoke-smokes-loads-unified-home-Win95-Suite--Chromium/error-context.md]]
]]>
</system-out>
</testcase>
<testcase name="smokes › admin panel renders without crashing" classname="smoke.spec.ts" time="5.948">
<failure message="smoke.spec.ts:14:3 admin panel renders without crashing" type="FAILURE">
<![CDATA[  [Chromium] › smoke.spec.ts:14:3 › smokes › admin panel renders without crashing ──────────────────

    Error: Timed out 5000ms waiting for expect(locator).toBeVisible()

    Locator: getByRole('heading', { name: /Admin Panel/i })
    Expected: visible
    Received: <element(s) not found>
    Call log:
      - Expect "toBeVisible" with timeout 5000ms
      - waiting for getByRole('heading', { name: /Admin Panel/i })


      17 |     });
      18 |   await page.goto('/admin');
    > 19 |   await expect(page.getByRole('heading', { name: /Admin Panel/i })).toBeVisible();
         |                                                                     ^
      20 |   });
      21 |
      22 |   test('discourse page shows login CTA when unauthenticated', async ({ page }) => {
        at /workspaces/semantic_flow/tests/e2e/smoke.spec.ts:19:69

    attachment #1: video (video/webm) ──────────────────────────────────────────────────────────────
    ../../test-results/smoke-smokes-admin-panel-renders-without-crashing-Chromium/video.webm
    ────────────────────────────────────────────────────────────────────────────────────────────────

    Error Context: ../../test-results/smoke-smokes-admin-panel-renders-without-crashing-Chromium/error-context.md
]]>
</failure>
<system-out>
<![CDATA[
[[ATTACHMENT|test-results/smoke-smokes-admin-panel-renders-without-crashing-Chromium/video.webm]]

[[ATTACHMENT|test-results/smoke-smokes-admin-panel-renders-without-crashing-Chromium/error-context.md]]
]]>
</system-out>
</testcase>
<testcase name="smokes › discourse page shows login CTA when unauthenticated" classname="smoke.spec.ts" time="6.036">
<failure message="smoke.spec.ts:22:3 discourse page shows login CTA when unauthenticated" type="FAILURE">
<![CDATA[  [Chromium] › smoke.spec.ts:22:3 › smokes › discourse page shows login CTA when unauthenticated ───

    Error: Timed out 5000ms waiting for expect(locator).toBeVisible()

    Locator: getByRole('button', { name: /Sign in with Discourse/i })
    Expected: visible
    Received: <element(s) not found>
    Call log:
      - Expect "toBeVisible" with timeout 5000ms
      - waiting for getByRole('button', { name: /Sign in with Discourse/i })


      23 |     await page.route('**/api/me', route => route.fulfill({ status: 401, json: { error: 'unauthenticated' } }));
      24 |   await page.goto('/discourse');
    > 25 |   await expect(page.getByRole('button', { name: /Sign in with Discourse/i })).toBeVisible();
         |                                                                               ^
      26 |   });
      27 |
      28 |   test('discourse latest renders when authenticated, logout works (mocked)', async ({ page }) => {
        at /workspaces/semantic_flow/tests/e2e/smoke.spec.ts:25:79

    attachment #1: video (video/webm) ──────────────────────────────────────────────────────────────
    ../../test-results/smoke-smokes-discourse-pag-c2e15-in-CTA-when-unauthenticated-Chromium/video.webm
    ────────────────────────────────────────────────────────────────────────────────────────────────

    Error Context: ../../test-results/smoke-smokes-discourse-pag-c2e15-in-CTA-when-unauthenticated-Chromium/error-context.md
]]>
</failure>
<system-out>
<![CDATA[
[[ATTACHMENT|test-results/smoke-smokes-discourse-pag-c2e15-in-CTA-when-unauthenticated-Chromium/video.webm]]

[[ATTACHMENT|test-results/smoke-smokes-discourse-pag-c2e15-in-CTA-when-unauthenticated-Chromium/error-context.md]]
]]>
</system-out>
</testcase>
<testcase name="smokes › discourse latest renders when authenticated, logout works (mocked)" classname="smoke.spec.ts" time="5.958">
<failure message="smoke.spec.ts:28:3 discourse latest renders when authenticated, logout works (mocked)" type="FAILURE">
<![CDATA[  [Chromium] › smoke.spec.ts:28:3 › smokes › discourse latest renders when authenticated, logout works (mocked) 

    Error: Timed out 5000ms waiting for expect(locator).toBeVisible()

    Locator: getByRole('heading', { name: /Latest Topics/i })
    Expected: visible
    Received: <element(s) not found>
    Call log:
      - Expect "toBeVisible" with timeout 5000ms
      - waiting for getByRole('heading', { name: /Latest Topics/i })


      33 |
      34 |     await page.goto('/discourse');
    > 35 |   await expect(page.getByRole('heading', { name: /Latest Topics/i })).toBeVisible();
         |                                                                       ^
      36 |   await page.getByRole('listitem').getByText('Welcome').click();
      37 |   await expect(page.getByRole('heading', { name: 'Welcome' })).toBeVisible();
      38 |     await page.getByRole('button', { name: /Logout/i }).click();
        at /workspaces/semantic_flow/tests/e2e/smoke.spec.ts:35:71

    attachment #1: video (video/webm) ──────────────────────────────────────────────────────────────
    ../../test-results/smoke-smokes-discourse-lat-8f339-icated-logout-works-mocked--Chromium/video.webm
    ────────────────────────────────────────────────────────────────────────────────────────────────

    Error Context: ../../test-results/smoke-smokes-discourse-lat-8f339-icated-logout-works-mocked--Chromium/error-context.md
]]>
</failure>
<system-out>
<![CDATA[
[[ATTACHMENT|test-results/smoke-smokes-discourse-lat-8f339-icated-logout-works-mocked--Chromium/video.webm]]

[[ATTACHMENT|test-results/smoke-smokes-discourse-lat-8f339-icated-logout-works-mocked--Chromium/error-context.md]]
]]>
</system-out>
</testcase>
</testsuite>
</testsuites>